2025-06-18 05:18:22.030 [info] [main] Log level: Info
2025-06-18 05:18:22.030 [info] [main] Validating found git in: "git"
2025-06-18 05:18:22.030 [info] [main] Using git "2.43.0" from "git"
2025-06-18 05:18:22.030 [info] [Model][doInitialScan] Initial repository scan started
2025-06-18 05:18:22.031 [info] > git rev-parse --show-toplevel [13ms]
2025-06-18 05:18:22.031 [info] fatal: not a git repository (or any parent up to mount point /)
Stopping at filesystem boundary (GIT_DISCOVERY_ACROSS_FILESYSTEM not set).
2025-06-18 05:18:22.038 [info] > git rev-parse --show-toplevel [2ms]
2025-06-18 05:18:22.038 [info] fatal: not a git repository (or any parent up to mount point /)
Stopping at filesystem boundary (GIT_DISCOVERY_ACROSS_FILESYSTEM not set).
2025-06-18 05:18:22.043 [info] > git rev-parse --show-toplevel [2ms]
2025-06-18 05:18:22.044 [info] fatal: not a git repository (or any parent up to mount point /)
Stopping at filesystem boundary (GIT_DISCOVERY_ACROSS_FILESYSTEM not set).
2025-06-18 05:18:22.051 [info] > git rev-parse --show-toplevel [1ms]
2025-06-18 05:18:22.051 [info] fatal: not a git repository (or any parent up to mount point /)
Stopping at filesystem boundary (GIT_DISCOVERY_ACROSS_FILESYSTEM not set).
2025-06-18 05:18:22.055 [info] > git rev-parse --show-toplevel [2ms]
2025-06-18 05:18:22.055 [info] fatal: not a git repository (or any parent up to mount point /)
Stopping at filesystem boundary (GIT_DISCOVERY_ACROSS_FILESYSTEM not set).
2025-06-18 05:18:22.060 [info] > git rev-parse --show-toplevel [2ms]
2025-06-18 05:18:22.060 [info] fatal: not a git repository (or any parent up to mount point /)
Stopping at filesystem boundary (GIT_DISCOVERY_ACROSS_FILESYSTEM not set).
2025-06-18 05:18:22.065 [info] > git rev-parse --show-toplevel [1ms]
2025-06-18 05:18:22.065 [info] fatal: not a git repository (or any parent up to mount point /)
Stopping at filesystem boundary (GIT_DISCOVERY_ACROSS_FILESYSTEM not set).
2025-06-18 05:18:22.069 [info] > git rev-parse --show-toplevel [1ms]
2025-06-18 05:18:22.069 [info] fatal: not a git repository (or any parent up to mount point /)
Stopping at filesystem boundary (GIT_DISCOVERY_ACROSS_FILESYSTEM not set).
2025-06-18 05:18:22.076 [info] > git rev-parse --show-toplevel [2ms]
2025-06-18 05:18:22.076 [info] fatal: not a git repository (or any parent up to mount point /)
Stopping at filesystem boundary (GIT_DISCOVERY_ACROSS_FILESYSTEM not set).
2025-06-18 05:18:22.103 [info] > git rev-parse --show-toplevel [24ms]
2025-06-18 05:18:22.124 [info] > git rev-parse --git-dir --git-common-dir [3ms]
2025-06-18 05:18:22.141 [info] [Model][openRepository] Opened repository: /home/f43939714/BULK-DOWNLOADER
2025-06-18 05:18:22.152 [info] > git config --get commit.template [5ms]
2025-06-18 05:18:22.153 [info] > git rev-parse --show-toplevel [3ms]
2025-06-18 05:18:22.153 [info] fatal: not a git repository (or any parent up to mount point /)
Stopping at filesystem boundary (GIT_DISCOVERY_ACROSS_FILESYSTEM not set).
2025-06-18 05:18:22.153 [info] [Model][doInitialScan] Initial repository scan completed - repositories (1), closed repositories (0), parent repositories (0), unsafe repositories (0)
2025-06-18 05:18:22.213 [info] > git for-each-ref --format=%(refname)%00%(upstream:short)%00%(objectname)%00%(upstream:track)%00%(upstream:remotename)%00%(upstream:remoteref) refs/heads/main refs/remotes/main [55ms]
2025-06-18 05:18:22.217 [warning] [Git][revParse] Unable to read file: ENOENT: no such file or directory, open '/home/f43939714/BULK-DOWNLOADER/.git/refs/remotes/origin/main'
2025-06-18 05:18:22.218 [info] > git rev-parse refs/remotes/origin/main [2ms]
2025-06-18 05:18:22.232 [info] > git for-each-ref --sort -committerdate --format %(refname)%00%(objectname)%00%(*objectname) [5ms]
2025-06-18 05:18:22.237 [info] > git status -z -uall [15ms]
2025-06-18 05:18:22.345 [info] > git for-each-ref --format=%(refname)%00%(upstream:short)%00%(objectname)%00%(upstream:track)%00%(upstream:remotename)%00%(upstream:remoteref) refs/heads/main refs/remotes/main [34ms]
2025-06-18 05:18:22.378 [info] > git config --get --local branch.main.vscode-merge-base [23ms]
2025-06-18 05:18:22.378 [warning] [Git][config] git config failed: Failed to execute git
2025-06-18 05:18:22.383 [info] > git config --get commit.template [41ms]
2025-06-18 05:18:22.394 [info] > git reflog main --grep-reflog=branch: Created from *. [11ms]
2025-06-18 05:18:22.398 [info] > git for-each-ref --format=%(refname)%00%(upstream:short)%00%(objectname)%00%(upstream:track)%00%(upstream:remotename)%00%(upstream:remoteref) refs/heads/main refs/remotes/main [8ms]
2025-06-18 05:18:22.404 [warning] [Git][revParse] Unable to read file: ENOENT: no such file or directory, open '/home/f43939714/BULK-DOWNLOADER/.git/refs/remotes/origin/main'
2025-06-18 05:18:22.407 [info] > git rev-parse refs/remotes/origin/main [3ms]
2025-06-18 05:18:22.420 [info] > git symbolic-ref --short refs/remotes/origin/HEAD [22ms]
2025-06-18 05:18:22.426 [info] > git status -z -uall [14ms]
2025-06-18 05:18:22.428 [info] > git for-each-ref --sort -committerdate --format %(refname)%00%(objectname)%00%(*objectname) [7ms]
2025-06-18 05:18:22.445 [info] > git for-each-ref --format=%(refname)%00%(upstream:short)%00%(objectname)%00%(upstream:track)%00%(upstream:remotename)%00%(upstream:remoteref) refs/heads/origin/main refs/remotes/origin/main [21ms]
2025-06-18 05:18:22.451 [info] > git for-each-ref --format=%(refname)%00%(upstream:short)%00%(objectname)%00%(upstream:track)%00%(upstream:remotename)%00%(upstream:remoteref) refs/heads/main refs/remotes/main [11ms]
2025-06-18 05:18:22.459 [info] > git config --add --local branch.main.vscode-merge-base origin/main [9ms]
2025-06-18 05:18:22.467 [info] > git config --get --local branch.main.vscode-merge-base [10ms]
2025-06-18 05:18:22.477 [info] > git config --get commit.template [9ms]
2025-06-18 05:18:24.578 [info] > git for-each-ref --format=%(refname)%00%(upstream:short)%00%(objectname)%00%(upstream:track)%00%(upstream:remotename)%00%(upstream:remoteref) refs/heads/origin/main refs/remotes/origin/main [2104ms]
2025-06-18 05:18:24.601 [info] > git check-ignore -v -z --stdin [13ms]
2025-06-18 05:18:24.602 [info] > git merge-base refs/heads/main refs/remotes/origin/main [19ms]
2025-06-18 05:18:24.607 [info] > git for-each-ref --format=%(refname)%00%(upstream:short)%00%(objectname)%00%(upstream:track)%00%(upstream:remotename)%00%(upstream:remoteref) refs/heads/main refs/remotes/main [2040ms]
2025-06-18 05:18:24.615 [warning] [Git][revParse] Unable to read file: ENOENT: no such file or directory, open '/home/f43939714/BULK-DOWNLOADER/.git/refs/remotes/origin/main'
2025-06-18 05:18:24.616 [info] > git diff --name-status -z --diff-filter=ADMR 9104203bb8835b0e071375cdc13735bf07d5ddde...refs/remotes/origin/main [9ms]
2025-06-18 05:18:24.618 [info] > git rev-parse refs/remotes/origin/main [6ms]
2025-06-18 05:18:24.629 [info] > git status -z -uall [5ms]
2025-06-18 05:18:24.632 [info] > git for-each-ref --sort -committerdate --format %(refname)%00%(objectname)%00%(*objectname) [4ms]
2025-06-18 05:18:27.789 [info] > git rev-parse --show-toplevel [3ms]
2025-06-18 05:18:27.789 [info] fatal: not a git repository (or any parent up to mount point /)
Stopping at filesystem boundary (GIT_DISCOVERY_ACROSS_FILESYSTEM not set).
2025-06-18 05:23:00.691 [info] > git check-ignore -v -z --stdin [3ms]
