Initializing document watcher...
Document watcher initialized
python-docs-samples/videointelligence/samples/analyze/analyze.py: {}
python-docs-samples/videointelligence/samples/analyze/analyze.py: {}
python-docs-samples/videointelligence/samples/analyze/requirements-test.txt: {}
python-docs-samples/videointelligence/samples/analyze/requirements.txt: {}
python-docs-samples/videointelligence/samples/analyze/video_detect_faces_gcs_test.py: {}
python-docs-samples/videointelligence/samples/quickstart/quickstart_test.py: {}
python-docs-samples/videointelligence/samples/quickstart/quickstart.py: {}
python-docs-samples/videointelligence/samples/quickstart/quickstart_test.py: {}
python-docs-samples/videointelligence/samples/analyze/video_detect_person_test.py: {}
python-docs-samples/owlbot.py: {}
python-docs-samples/README.md: {}
python-docs-samples/README.md: {}
python-docs-samples/README.md: {}
python-docs-samples/README.md: {}
python-docs-samples/README.md: {}
python-docs-samples/README.md: {}
python-docs-samples/README.md: {}
python-docs-samples/README.md: {}
python-docs-samples/README.md: {}
python-docs-samples/workflows/cloud-client/main.py: {}
python-docs-samples/workflows/cloud-client/main.py: {}
