2025-06-25 08:39:31.394 [info] [main] Log level: Info
2025-06-25 08:39:31.394 [info] [main] Validating found git in: "git"
2025-06-25 08:39:31.394 [info] [main] Using git "2.43.0" from "git"
2025-06-25 08:39:31.394 [info] [Model][doInitialScan] Initial repository scan started
2025-06-25 08:39:31.394 [info] > git rev-parse --show-toplevel [3ms]
2025-06-25 08:39:31.394 [info] fatal: not a git repository (or any parent up to mount point /)
Stopping at filesystem boundary (GIT_DISCOVERY_ACROSS_FILESYSTEM not set).
2025-06-25 08:39:31.394 [info] > git rev-parse --show-toplevel [2ms]
2025-06-25 08:39:31.394 [info] fatal: not a git repository (or any parent up to mount point /)
Stopping at filesystem boundary (GIT_DISCOVERY_ACROSS_FILESYSTEM not set).
2025-06-25 08:39:31.394 [info] > git rev-parse --show-toplevel [2ms]
2025-06-25 08:39:31.394 [info] fatal: not a git repository (or any parent up to mount point /)
Stopping at filesystem boundary (GIT_DISCOVERY_ACROSS_FILESYSTEM not set).
2025-06-25 08:39:31.394 [info] > git rev-parse --show-toplevel [2ms]
2025-06-25 08:39:31.394 [info] fatal: not a git repository (or any parent up to mount point /)
Stopping at filesystem boundary (GIT_DISCOVERY_ACROSS_FILESYSTEM not set).
2025-06-25 08:39:31.394 [info] > git rev-parse --show-toplevel [2ms]
2025-06-25 08:39:31.394 [info] fatal: not a git repository (or any parent up to mount point /)
Stopping at filesystem boundary (GIT_DISCOVERY_ACROSS_FILESYSTEM not set).
2025-06-25 08:39:31.394 [info] > git rev-parse --show-toplevel [2ms]
2025-06-25 08:39:31.394 [info] fatal: not a git repository (or any parent up to mount point /)
Stopping at filesystem boundary (GIT_DISCOVERY_ACROSS_FILESYSTEM not set).
2025-06-25 08:39:31.394 [info] > git rev-parse --show-toplevel [2ms]
2025-06-25 08:39:31.394 [info] fatal: not a git repository (or any parent up to mount point /)
Stopping at filesystem boundary (GIT_DISCOVERY_ACROSS_FILESYSTEM not set).
2025-06-25 08:39:31.394 [info] > git rev-parse --show-toplevel [2ms]
2025-06-25 08:39:31.394 [info] fatal: not a git repository (or any parent up to mount point /)
Stopping at filesystem boundary (GIT_DISCOVERY_ACROSS_FILESYSTEM not set).
2025-06-25 08:39:31.394 [info] > git rev-parse --show-toplevel [2ms]
2025-06-25 08:39:31.394 [info] fatal: not a git repository (or any parent up to mount point /)
Stopping at filesystem boundary (GIT_DISCOVERY_ACROSS_FILESYSTEM not set).
2025-06-25 08:39:31.394 [info] [Model][doInitialScan] Initial repository scan completed - repositories (0), closed repositories (0), parent repositories (0), unsafe repositories (0)
2025-06-25 08:39:38.499 [info] > git rev-parse --show-toplevel [6ms]
2025-06-25 08:39:38.572 [info] > git rev-parse --git-dir --git-common-dir [29ms]
2025-06-25 08:39:38.630 [info] [Model][openRepository] Opened repository: /home/f43939714/BULK-DOWNLOADER
2025-06-25 08:39:38.685 [info] > git config --get commit.template [19ms]
2025-06-25 08:39:38.730 [info] > git for-each-ref --format=%(refname)%00%(upstream:short)%00%(objectname)%00%(upstream:track)%00%(upstream:remotename)%00%(upstream:remoteref) refs/heads/main refs/remotes/main [7ms]
2025-06-25 08:39:38.747 [warning] [Git][revParse] Unable to read file: ENOENT: no such file or directory, open '/home/f43939714/BULK-DOWNLOADER/.git/refs/remotes/origin/main'
2025-06-25 08:39:38.753 [info] > git rev-parse refs/remotes/origin/main [6ms]
2025-06-25 08:39:38.803 [info] > git status -z -uall [31ms]
2025-06-25 08:39:38.809 [info] > git for-each-ref --sort -committerdate --format %(refname)%00%(objectname)%00%(*objectname) [14ms]
2025-06-25 08:39:38.876 [info] > git for-each-ref --format=%(refname)%00%(upstream:short)%00%(objectname)%00%(upstream:track)%00%(upstream:remotename)%00%(upstream:remoteref) refs/heads/main refs/remotes/main [30ms]
2025-06-25 08:39:38.908 [info] > git config --get commit.template [34ms]
2025-06-25 08:39:38.913 [info] > git config --get --local branch.main.vscode-merge-base [19ms]
2025-06-25 08:39:38.916 [warning] [Git][config] git config failed: Failed to execute git
2025-06-25 08:39:38.965 [info] > git reflog main --grep-reflog=branch: Created from *. [28ms]
2025-06-25 08:39:39.049 [info] > git for-each-ref --format=%(refname)%00%(upstream:short)%00%(objectname)%00%(upstream:track)%00%(upstream:remotename)%00%(upstream:remoteref) refs/heads/main refs/remotes/main [89ms]
2025-06-25 08:39:39.084 [warning] [Git][revParse] Unable to read file: ENOENT: no such file or directory, open '/home/f43939714/BULK-DOWNLOADER/.git/refs/remotes/origin/main'
2025-06-25 08:39:39.091 [info] > git symbolic-ref --short refs/remotes/origin/HEAD [110ms]
2025-06-25 08:39:39.123 [info] > git rev-parse refs/remotes/origin/main [39ms]
2025-06-25 08:39:39.171 [info] > git status -z -uall [32ms]
2025-06-25 08:39:39.173 [info] > git for-each-ref --format=%(refname)%00%(upstream:short)%00%(objectname)%00%(upstream:track)%00%(upstream:remotename)%00%(upstream:remoteref) refs/heads/origin/main refs/remotes/origin/main [61ms]
2025-06-25 08:39:39.192 [info] > git for-each-ref --sort -committerdate --format %(refname)%00%(objectname)%00%(*objectname) [29ms]
2025-06-25 08:39:39.272 [info] > git show --textconv :cookies.txt [28ms]
2025-06-25 08:39:39.276 [info] > git for-each-ref --format=%(refname)%00%(upstream:short)%00%(objectname)%00%(upstream:track)%00%(upstream:remotename)%00%(upstream:remoteref) refs/heads/main refs/remotes/main [61ms]
2025-06-25 08:39:39.295 [info] > git config --add --local branch.main.vscode-merge-base origin/main [106ms]
2025-06-25 08:39:39.334 [info] > git config --get --local branch.main.vscode-merge-base [40ms]
2025-06-25 08:39:39.349 [info] > git ls-files --stage -- cookies.txt [78ms]
2025-06-25 08:39:39.409 [info] > git cat-file -s 8b137891791fe96927ad78e64b0aad7bded08bdc [41ms]
2025-06-25 08:39:39.410 [info] > git for-each-ref --format=%(refname)%00%(upstream:short)%00%(objectname)%00%(upstream:track)%00%(upstream:remotename)%00%(upstream:remoteref) refs/heads/origin/main refs/remotes/origin/main [61ms]
2025-06-25 08:39:39.433 [info] > git config --get commit.template [105ms]
2025-06-25 08:39:39.441 [info] > git check-ignore -v -z --stdin [41ms]
2025-06-25 08:39:39.466 [info] > git merge-base refs/heads/main refs/remotes/origin/main [34ms]
2025-06-25 08:39:39.489 [info] > git for-each-ref --format=%(refname)%00%(upstream:short)%00%(objectname)%00%(upstream:track)%00%(upstream:remotename)%00%(upstream:remoteref) refs/heads/main refs/remotes/main [30ms]
2025-06-25 08:39:39.493 [info] > git diff --name-status -z --diff-filter=ADMR 08b190962d93a9ef4222205cc7c56720540cb5bf...refs/remotes/origin/main [9ms]
2025-06-25 08:39:39.510 [warning] [Git][revParse] Unable to read file: ENOENT: no such file or directory, open '/home/f43939714/BULK-DOWNLOADER/.git/refs/remotes/origin/main'
2025-06-25 08:39:39.522 [info] > git rev-parse refs/remotes/origin/main [13ms]
2025-06-25 08:39:39.564 [info] > git status -z -uall [25ms]
2025-06-25 08:39:39.570 [info] > git for-each-ref --sort -committerdate --format %(refname)%00%(objectname)%00%(*objectname) [10ms]
2025-06-25 08:40:19.930 [info] > git check-ignore -v -z --stdin [3ms]
2025-06-25 08:40:21.694 [info] > git show --textconv :v8.sh [12ms]
2025-06-25 08:40:21.696 [info] > git ls-files --stage -- v8.sh [3ms]
2025-06-25 08:40:21.708 [info] > git cat-file -s 06e3c95cbba43be0674381b670a893051d6159d8 [2ms]
2025-06-25 08:40:22.147 [info] > git blame --root --incremental 08b190962d93a9ef4222205cc7c56720540cb5bf -- v8.sh [4ms]
2025-06-25 08:43:44.316 [info] > git check-ignore -v -z --stdin [3ms]
2025-06-25 08:44:32.631 [info] > git check-ignore -v -z --stdin [2ms]
2025-06-25 08:46:16.185 [info] > git config --get commit.template [1ms]
2025-06-25 08:46:16.199 [info] > git for-each-ref --format=%(refname)%00%(upstream:short)%00%(objectname)%00%(upstream:track)%00%(upstream:remotename)%00%(upstream:remoteref) refs/heads/main refs/remotes/main [3ms]
2025-06-25 08:46:16.211 [warning] [Git][revParse] Unable to read file: ENOENT: no such file or directory, open '/home/f43939714/BULK-DOWNLOADER/.git/refs/remotes/origin/main'
2025-06-25 08:46:16.213 [info] > git rev-parse refs/remotes/origin/main [2ms]
2025-06-25 08:46:16.240 [info] > git status -z -uall [15ms]
2025-06-25 08:46:16.242 [info] > git for-each-ref --sort -committerdate --format %(refname)%00%(objectname)%00%(*objectname) [5ms]
2025-06-25 08:46:16.307 [info] > git blame --root --incremental 1e3109b2d5be0924fe30c0f1b6d4e2e2e271bef4 -- v8.sh [44ms]
2025-06-25 08:46:16.310 [info] > git ls-files --stage -- v8.sh [4ms]
2025-06-25 08:46:16.323 [info] > git ls-files --stage -- cookies.txt [28ms]
2025-06-25 08:46:16.335 [info] > git merge-base refs/heads/main refs/remotes/origin/main [55ms]
2025-06-25 08:46:16.358 [info] > git diff --name-status -z --diff-filter=ADMR 1e3109b2d5be0924fe30c0f1b6d4e2e2e271bef4...refs/remotes/origin/main [10ms]
2025-06-25 08:46:16.359 [info] > git cat-file -s 8b137891791fe96927ad78e64b0aad7bded08bdc [24ms]
2025-06-25 08:46:16.359 [info] > git cat-file -s 06e3c95cbba43be0674381b670a893051d6159d8 [36ms]
2025-06-25 08:46:16.495 [info] > git show --textconv :cookies.txt [14ms]
2025-06-25 08:46:16.498 [info] > git show --textconv :v8.sh [4ms]
2025-06-25 08:46:21.318 [info] > git config --get commit.template [15ms]
2025-06-25 08:46:21.318 [info] > git for-each-ref --format=%(refname)%00%(upstream:short)%00%(objectname)%00%(upstream:track)%00%(upstream:remotename)%00%(upstream:remoteref) refs/heads/main refs/remotes/main [5ms]
2025-06-25 08:46:21.331 [warning] [Git][revParse] Unable to read file: ENOENT: no such file or directory, open '/home/f43939714/BULK-DOWNLOADER/.git/refs/remotes/origin/main'
2025-06-25 08:46:21.334 [info] > git rev-parse refs/remotes/origin/main [3ms]
2025-06-25 08:46:21.369 [info] > git status -z -uall [23ms]
2025-06-25 08:46:21.379 [info] > git for-each-ref --sort -committerdate --format %(refname)%00%(objectname)%00%(*objectname) [11ms]
2025-06-25 08:47:53.506 [info] > git check-ignore -v -z --stdin [2ms]
2025-06-25 08:48:04.029 [info] > git blame --root --incremental 1e3109b2d5be0924fe30c0f1b6d4e2e2e271bef4 -- cookies.txt [3ms]
2025-06-25 08:48:14.521 [info] > git check-ignore -v -z --stdin [2ms]
2025-06-25 08:56:51.722 [info] > git config --get commit.template [11ms]
2025-06-25 08:56:51.727 [info] > git for-each-ref --format=%(refname)%00%(upstream:short)%00%(objectname)%00%(upstream:track)%00%(upstream:remotename)%00%(upstream:remoteref) refs/heads/main refs/remotes/main [5ms]
2025-06-25 08:56:51.735 [warning] [Git][revParse] Unable to read file: ENOENT: no such file or directory, open '/home/f43939714/BULK-DOWNLOADER/.git/refs/remotes/origin/main'
2025-06-25 08:56:51.737 [info] > git rev-parse refs/remotes/origin/main [2ms]
2025-06-25 08:56:51.758 [info] > git status -z -uall [13ms]
2025-06-25 08:56:51.759 [info] > git for-each-ref --sort -committerdate --format %(refname)%00%(objectname)%00%(*objectname) [4ms]
2025-06-25 08:56:52.382 [info] > git show --textconv :v9.sh [9ms]
2025-06-25 08:56:52.384 [info] > git ls-files --stage -- v9.sh [4ms]
2025-06-25 08:56:52.396 [info] > git cat-file -s b6348451ec5c5e5a53805399e4af39afb0a6ecb3 [2ms]
2025-06-25 08:56:52.848 [info] > git blame --root --incremental 1e3109b2d5be0924fe30c0f1b6d4e2e2e271bef4 -- v9.sh [3ms]
2025-06-25 08:56:56.783 [info] > git config --get commit.template [9ms]
2025-06-25 08:56:56.785 [info] > git for-each-ref --format=%(refname)%00%(upstream:short)%00%(objectname)%00%(upstream:track)%00%(upstream:remotename)%00%(upstream:remoteref) refs/heads/main refs/remotes/main [3ms]
2025-06-25 08:56:56.793 [warning] [Git][revParse] Unable to read file: ENOENT: no such file or directory, open '/home/f43939714/BULK-DOWNLOADER/.git/refs/remotes/origin/main'
2025-06-25 08:56:56.796 [info] > git rev-parse refs/remotes/origin/main [3ms]
2025-06-25 08:56:56.814 [info] > git status -z -uall [10ms]
2025-06-25 08:56:56.816 [info] > git for-each-ref --sort -committerdate --format %(refname)%00%(objectname)%00%(*objectname) [3ms]
2025-06-25 08:57:46.282 [info] > git config --get commit.template [12ms]
2025-06-25 08:57:46.284 [info] > git for-each-ref --format=%(refname)%00%(upstream:short)%00%(objectname)%00%(upstream:track)%00%(upstream:remotename)%00%(upstream:remoteref) refs/heads/main refs/remotes/main [3ms]
2025-06-25 08:57:46.297 [warning] [Git][revParse] Unable to read file: ENOENT: no such file or directory, open '/home/f43939714/BULK-DOWNLOADER/.git/refs/remotes/origin/main'
2025-06-25 08:57:46.298 [info] > git rev-parse refs/remotes/origin/main [2ms]
2025-06-25 08:57:46.320 [info] > git status -z -uall [12ms]
2025-06-25 08:57:46.323 [info] > git for-each-ref --sort -committerdate --format %(refname)%00%(objectname)%00%(*objectname) [3ms]
2025-06-25 08:58:01.903 [info] > git config --get commit.template [13ms]
2025-06-25 08:58:01.905 [info] > git for-each-ref --format=%(refname)%00%(upstream:short)%00%(objectname)%00%(upstream:track)%00%(upstream:remotename)%00%(upstream:remoteref) refs/heads/main refs/remotes/main [4ms]
2025-06-25 08:58:01.916 [warning] [Git][revParse] Unable to read file: ENOENT: no such file or directory, open '/home/f43939714/BULK-DOWNLOADER/.git/refs/remotes/origin/main'
2025-06-25 08:58:01.918 [info] > git rev-parse refs/remotes/origin/main [2ms]
2025-06-25 08:58:01.942 [info] > git status -z -uall [13ms]
2025-06-25 08:58:01.944 [info] > git for-each-ref --sort -committerdate --format %(refname)%00%(objectname)%00%(*objectname) [3ms]
2025-06-25 08:58:02.488 [info] > git show --textconv :v9.sh [11ms]
2025-06-25 08:58:02.489 [info] > git ls-files --stage -- v9.sh [3ms]
2025-06-25 08:58:02.500 [info] > git cat-file -s b6348451ec5c5e5a53805399e4af39afb0a6ecb3 [2ms]
2025-06-25 08:58:08.380 [info] > git config --get commit.template [11ms]
2025-06-25 08:58:08.382 [info] > git for-each-ref --format=%(refname)%00%(upstream:short)%00%(objectname)%00%(upstream:track)%00%(upstream:remotename)%00%(upstream:remoteref) refs/heads/main refs/remotes/main [3ms]
2025-06-25 08:58:08.391 [warning] [Git][revParse] Unable to read file: ENOENT: no such file or directory, open '/home/f43939714/BULK-DOWNLOADER/.git/refs/remotes/origin/main'
2025-06-25 08:58:08.393 [info] > git rev-parse refs/remotes/origin/main [2ms]
2025-06-25 08:58:08.415 [info] > git status -z -uall [14ms]
2025-06-25 08:58:08.416 [info] > git for-each-ref --sort -committerdate --format %(refname)%00%(objectname)%00%(*objectname) [5ms]
2025-06-25 08:58:16.827 [info] > git config --get commit.template [3ms]
2025-06-25 08:58:16.837 [info] > git for-each-ref --format=%(refname)%00%(upstream:short)%00%(objectname)%00%(upstream:track)%00%(upstream:remotename)%00%(upstream:remoteref) refs/heads/main refs/remotes/main [2ms]
2025-06-25 08:58:16.845 [warning] [Git][revParse] Unable to read file: ENOENT: no such file or directory, open '/home/f43939714/BULK-DOWNLOADER/.git/refs/remotes/origin/main'
2025-06-25 08:58:16.847 [info] > git rev-parse refs/remotes/origin/main [1ms]
2025-06-25 08:58:16.865 [info] > git status -z -uall [11ms]
2025-06-25 08:58:16.867 [info] > git for-each-ref --sort -committerdate --format %(refname)%00%(objectname)%00%(*objectname) [4ms]
2025-06-25 08:58:21.885 [info] > git config --get commit.template [3ms]
2025-06-25 08:58:21.898 [info] > git for-each-ref --format=%(refname)%00%(upstream:short)%00%(objectname)%00%(upstream:track)%00%(upstream:remotename)%00%(upstream:remoteref) refs/heads/main refs/remotes/main [3ms]
2025-06-25 08:58:21.907 [warning] [Git][revParse] Unable to read file: ENOENT: no such file or directory, open '/home/f43939714/BULK-DOWNLOADER/.git/refs/remotes/origin/main'
2025-06-25 08:58:21.909 [info] > git rev-parse refs/remotes/origin/main [2ms]
2025-06-25 08:58:21.927 [info] > git status -z -uall [10ms]
2025-06-25 08:58:21.930 [info] > git for-each-ref --sort -committerdate --format %(refname)%00%(objectname)%00%(*objectname) [4ms]
2025-06-25 08:59:00.232 [info] > git for-each-ref --format=%(refname)%00%(upstream:short)%00%(objectname)%00%(upstream:track)%00%(upstream:remotename)%00%(upstream:remoteref) refs/heads/main refs/remotes/main [3ms]
2025-06-25 08:59:00.233 [info] > git config --get commit.template [16ms]
2025-06-25 08:59:00.243 [warning] [Git][revParse] Unable to read file: ENOENT: no such file or directory, open '/home/f43939714/BULK-DOWNLOADER/.git/refs/remotes/origin/main'
2025-06-25 08:59:00.246 [info] > git rev-parse refs/remotes/origin/main [2ms]
2025-06-25 08:59:00.269 [info] > git status -z -uall [13ms]
2025-06-25 08:59:00.271 [info] > git for-each-ref --sort -committerdate --format %(refname)%00%(objectname)%00%(*objectname) [3ms]
2025-06-25 08:59:40.905 [info] > git config --get commit.template [11ms]
2025-06-25 08:59:40.906 [info] > git for-each-ref --format=%(refname)%00%(upstream:short)%00%(objectname)%00%(upstream:track)%00%(upstream:remotename)%00%(upstream:remoteref) refs/heads/main refs/remotes/main [3ms]
2025-06-25 08:59:40.917 [warning] [Git][revParse] Unable to read file: ENOENT: no such file or directory, open '/home/f43939714/BULK-DOWNLOADER/.git/refs/remotes/origin/main'
2025-06-25 08:59:40.919 [info] > git rev-parse refs/remotes/origin/main [2ms]
2025-06-25 08:59:40.945 [info] > git status -z -uall [15ms]
2025-06-25 08:59:40.946 [info] > git for-each-ref --sort -committerdate --format %(refname)%00%(objectname)%00%(*objectname) [6ms]
2025-06-25 08:59:55.463 [info] > git config --get commit.template [2ms]
2025-06-25 08:59:55.473 [info] > git for-each-ref --format=%(refname)%00%(upstream:short)%00%(objectname)%00%(upstream:track)%00%(upstream:remotename)%00%(upstream:remoteref) refs/heads/main refs/remotes/main [2ms]
2025-06-25 08:59:55.481 [warning] [Git][revParse] Unable to read file: ENOENT: no such file or directory, open '/home/f43939714/BULK-DOWNLOADER/.git/refs/remotes/origin/main'
2025-06-25 08:59:55.483 [info] > git rev-parse refs/remotes/origin/main [2ms]
2025-06-25 08:59:55.501 [info] > git status -z -uall [10ms]
2025-06-25 08:59:55.503 [info] > git for-each-ref --sort -committerdate --format %(refname)%00%(objectname)%00%(*objectname) [3ms]
2025-06-25 09:00:57.924 [info] > git config --get commit.template [14ms]
2025-06-25 09:00:57.926 [info] > git for-each-ref --format=%(refname)%00%(upstream:short)%00%(objectname)%00%(upstream:track)%00%(upstream:remotename)%00%(upstream:remoteref) refs/heads/main refs/remotes/main [3ms]
2025-06-25 09:00:57.936 [warning] [Git][revParse] Unable to read file: ENOENT: no such file or directory, open '/home/f43939714/BULK-DOWNLOADER/.git/refs/remotes/origin/main'
2025-06-25 09:00:57.939 [info] > git rev-parse refs/remotes/origin/main [2ms]
2025-06-25 09:00:57.963 [info] > git status -z -uall [14ms]
2025-06-25 09:00:57.965 [info] > git for-each-ref --sort -committerdate --format %(refname)%00%(objectname)%00%(*objectname) [4ms]
2025-06-25 09:01:02.618 [info] > git show --textconv :v9.sh [17ms]
2025-06-25 09:01:02.619 [info] > git ls-files --stage -- v9.sh [5ms]
2025-06-25 09:01:02.634 [info] > git cat-file -s b6348451ec5c5e5a53805399e4af39afb0a6ecb3 [3ms]
2025-06-25 09:01:02.992 [info] > git config --get commit.template [10ms]
2025-06-25 09:01:02.993 [info] > git for-each-ref --format=%(refname)%00%(upstream:short)%00%(objectname)%00%(upstream:track)%00%(upstream:remotename)%00%(upstream:remoteref) refs/heads/main refs/remotes/main [2ms]
2025-06-25 09:01:03.002 [warning] [Git][revParse] Unable to read file: ENOENT: no such file or directory, open '/home/f43939714/BULK-DOWNLOADER/.git/refs/remotes/origin/main'
2025-06-25 09:01:03.005 [info] > git rev-parse refs/remotes/origin/main [3ms]
2025-06-25 09:01:03.024 [info] > git status -z -uall [10ms]
2025-06-25 09:01:03.026 [info] > git for-each-ref --sort -committerdate --format %(refname)%00%(objectname)%00%(*objectname) [3ms]
2025-06-25 09:01:08.051 [info] > git config --get commit.template [12ms]
2025-06-25 09:01:08.053 [info] > git for-each-ref --format=%(refname)%00%(upstream:short)%00%(objectname)%00%(upstream:track)%00%(upstream:remotename)%00%(upstream:remoteref) refs/heads/main refs/remotes/main [3ms]
2025-06-25 09:01:08.061 [warning] [Git][revParse] Unable to read file: ENOENT: no such file or directory, open '/home/f43939714/BULK-DOWNLOADER/.git/refs/remotes/origin/main'
2025-06-25 09:01:08.063 [info] > git rev-parse refs/remotes/origin/main [2ms]
2025-06-25 09:01:08.082 [info] > git status -z -uall [11ms]
2025-06-25 09:01:08.086 [info] > git for-each-ref --sort -committerdate --format %(refname)%00%(objectname)%00%(*objectname) [5ms]
2025-06-25 09:05:32.524 [info] > git config --get commit.template [14ms]
2025-06-25 09:05:32.526 [info] > git for-each-ref --format=%(refname)%00%(upstream:short)%00%(objectname)%00%(upstream:track)%00%(upstream:remotename)%00%(upstream:remoteref) refs/heads/main refs/remotes/main [4ms]
2025-06-25 09:05:32.538 [warning] [Git][revParse] Unable to read file: ENOENT: no such file or directory, open '/home/f43939714/BULK-DOWNLOADER/.git/refs/remotes/origin/main'
2025-06-25 09:05:32.540 [info] > git rev-parse refs/remotes/origin/main [3ms]
2025-06-25 09:05:32.568 [info] > git status -z -uall [17ms]
2025-06-25 09:05:32.569 [info] > git for-each-ref --sort -committerdate --format %(refname)%00%(objectname)%00%(*objectname) [6ms]
2025-06-25 09:07:37.906 [info] > git config --get commit.template [18ms]
2025-06-25 09:07:37.908 [info] > git for-each-ref --format=%(refname)%00%(upstream:short)%00%(objectname)%00%(upstream:track)%00%(upstream:remotename)%00%(upstream:remoteref) refs/heads/main refs/remotes/main [6ms]
2025-06-25 09:07:37.918 [warning] [Git][revParse] Unable to read file: ENOENT: no such file or directory, open '/home/f43939714/BULK-DOWNLOADER/.git/refs/remotes/origin/main'
2025-06-25 09:07:37.920 [info] > git rev-parse refs/remotes/origin/main [2ms]
2025-06-25 09:07:37.943 [info] > git status -z -uall [13ms]
2025-06-25 09:07:37.945 [info] > git for-each-ref --sort -committerdate --format %(refname)%00%(objectname)%00%(*objectname) [3ms]
2025-06-25 09:07:42.569 [info] > git show --textconv :v9.sh [14ms]
2025-06-25 09:07:42.571 [info] > git ls-files --stage -- v9.sh [4ms]
2025-06-25 09:07:42.584 [info] > git cat-file -s b6348451ec5c5e5a53805399e4af39afb0a6ecb3 [3ms]
2025-06-25 09:07:47.658 [info] > git config --get commit.template [4ms]
2025-06-25 09:07:47.672 [info] > git for-each-ref --format=%(refname)%00%(upstream:short)%00%(objectname)%00%(upstream:track)%00%(upstream:remotename)%00%(upstream:remoteref) refs/heads/main refs/remotes/main [3ms]
2025-06-25 09:07:47.683 [warning] [Git][revParse] Unable to read file: ENOENT: no such file or directory, open '/home/f43939714/BULK-DOWNLOADER/.git/refs/remotes/origin/main'
2025-06-25 09:07:47.685 [info] > git rev-parse refs/remotes/origin/main [2ms]
2025-06-25 09:07:47.710 [info] > git status -z -uall [13ms]
2025-06-25 09:07:47.712 [info] > git for-each-ref --sort -committerdate --format %(refname)%00%(objectname)%00%(*objectname) [4ms]
2025-06-25 09:07:57.940 [info] > git config --get commit.template [13ms]
2025-06-25 09:07:57.942 [info] > git for-each-ref --format=%(refname)%00%(upstream:short)%00%(objectname)%00%(upstream:track)%00%(upstream:remotename)%00%(upstream:remoteref) refs/heads/main refs/remotes/main [3ms]
2025-06-25 09:07:57.953 [warning] [Git][revParse] Unable to read file: ENOENT: no such file or directory, open '/home/f43939714/BULK-DOWNLOADER/.git/refs/remotes/origin/main'
2025-06-25 09:07:57.955 [info] > git rev-parse refs/remotes/origin/main [2ms]
2025-06-25 09:07:57.979 [info] > git status -z -uall [13ms]
2025-06-25 09:07:57.982 [info] > git for-each-ref --sort -committerdate --format %(refname)%00%(objectname)%00%(*objectname) [4ms]
2025-06-25 09:08:44.855 [info] > git config --get commit.template [17ms]
2025-06-25 09:08:44.857 [info] > git for-each-ref --format=%(refname)%00%(upstream:short)%00%(objectname)%00%(upstream:track)%00%(upstream:remotename)%00%(upstream:remoteref) refs/heads/main refs/remotes/main [3ms]
2025-06-25 09:08:44.869 [warning] [Git][revParse] Unable to read file: ENOENT: no such file or directory, open '/home/f43939714/BULK-DOWNLOADER/.git/refs/remotes/origin/main'
2025-06-25 09:08:44.874 [info] > git rev-parse refs/remotes/origin/main [5ms]
2025-06-25 09:08:44.910 [info] > git status -z -uall [22ms]
2025-06-25 09:08:44.913 [info] > git for-each-ref --sort -committerdate --format %(refname)%00%(objectname)%00%(*objectname) [7ms]
2025-06-25 09:08:48.658 [info] > git check-ignore -v -z --stdin [32ms]
2025-06-25 09:08:49.951 [info] > git config --get commit.template [16ms]
2025-06-25 09:08:49.954 [info] > git for-each-ref --format=%(refname)%00%(upstream:short)%00%(objectname)%00%(upstream:track)%00%(upstream:remotename)%00%(upstream:remoteref) refs/heads/main refs/remotes/main [4ms]
2025-06-25 09:08:49.967 [warning] [Git][revParse] Unable to read file: ENOENT: no such file or directory, open '/home/f43939714/BULK-DOWNLOADER/.git/refs/remotes/origin/main'
2025-06-25 09:08:49.970 [info] > git rev-parse refs/remotes/origin/main [3ms]
2025-06-25 09:08:50.004 [info] > git status -z -uall [22ms]
2025-06-25 09:08:50.007 [info] > git for-each-ref --sort -committerdate --format %(refname)%00%(objectname)%00%(*objectname) [8ms]
2025-06-25 09:08:50.746 [info] > git check-ignore -v -z --stdin [5ms]
2025-06-25 09:08:52.289 [info] > git check-ignore -v -z --stdin [3ms]
2025-06-25 09:08:55.050 [info] > git config --get commit.template [29ms]
2025-06-25 09:08:55.052 [info] > git for-each-ref --format=%(refname)%00%(upstream:short)%00%(objectname)%00%(upstream:track)%00%(upstream:remotename)%00%(upstream:remoteref) refs/heads/main refs/remotes/main [6ms]
2025-06-25 09:08:55.065 [warning] [Git][revParse] Unable to read file: ENOENT: no such file or directory, open '/home/f43939714/BULK-DOWNLOADER/.git/refs/remotes/origin/main'
2025-06-25 09:08:55.068 [info] > git rev-parse refs/remotes/origin/main [3ms]
2025-06-25 09:08:55.101 [info] > git status -z -uall [18ms]
2025-06-25 09:08:55.104 [info] > git for-each-ref --sort -committerdate --format %(refname)%00%(objectname)%00%(*objectname) [6ms]
2025-06-25 09:08:56.359 [info] > git check-ignore -v -z --stdin [2ms]
2025-06-25 09:09:00.143 [info] > git config --get commit.template [16ms]
2025-06-25 09:09:00.146 [info] > git for-each-ref --format=%(refname)%00%(upstream:short)%00%(objectname)%00%(upstream:track)%00%(upstream:remotename)%00%(upstream:remoteref) refs/heads/main refs/remotes/main [4ms]
2025-06-25 09:09:00.158 [warning] [Git][revParse] Unable to read file: ENOENT: no such file or directory, open '/home/f43939714/BULK-DOWNLOADER/.git/refs/remotes/origin/main'
2025-06-25 09:09:00.161 [info] > git rev-parse refs/remotes/origin/main [3ms]
2025-06-25 09:09:00.197 [info] > git status -z -uall [24ms]
2025-06-25 09:09:00.200 [info] > git for-each-ref --sort -committerdate --format %(refname)%00%(objectname)%00%(*objectname) [11ms]
2025-06-25 09:09:01.332 [info] > git check-ignore -v -z --stdin [2ms]
2025-06-25 09:09:05.243 [info] > git config --get commit.template [14ms]
2025-06-25 09:09:05.248 [info] > git for-each-ref --format=%(refname)%00%(upstream:short)%00%(objectname)%00%(upstream:track)%00%(upstream:remotename)%00%(upstream:remoteref) refs/heads/main refs/remotes/main [8ms]
2025-06-25 09:09:05.261 [warning] [Git][revParse] Unable to read file: ENOENT: no such file or directory, open '/home/f43939714/BULK-DOWNLOADER/.git/refs/remotes/origin/main'
2025-06-25 09:09:05.264 [info] > git rev-parse refs/remotes/origin/main [3ms]
2025-06-25 09:09:05.293 [info] > git status -z -uall [17ms]
2025-06-25 09:09:05.297 [info] > git for-each-ref --sort -committerdate --format %(refname)%00%(objectname)%00%(*objectname) [5ms]
2025-06-25 09:09:06.642 [info] > git check-ignore -v -z --stdin [2ms]
2025-06-25 09:09:10.317 [info] > git config --get commit.template [3ms]
2025-06-25 09:09:10.327 [info] > git for-each-ref --format=%(refname)%00%(upstream:short)%00%(objectname)%00%(upstream:track)%00%(upstream:remotename)%00%(upstream:remoteref) refs/heads/main refs/remotes/main [3ms]
2025-06-25 09:09:10.335 [warning] [Git][revParse] Unable to read file: ENOENT: no such file or directory, open '/home/f43939714/BULK-DOWNLOADER/.git/refs/remotes/origin/main'
2025-06-25 09:09:10.337 [info] > git rev-parse refs/remotes/origin/main [2ms]
2025-06-25 09:09:10.356 [info] > git status -z -uall [10ms]
2025-06-25 09:09:10.359 [info] > git for-each-ref --sort -committerdate --format %(refname)%00%(objectname)%00%(*objectname) [4ms]
2025-06-25 09:09:11.663 [info] > git check-ignore -v -z --stdin [3ms]
2025-06-25 09:09:15.383 [info] > git config --get commit.template [10ms]
2025-06-25 09:09:15.385 [info] > git for-each-ref --format=%(refname)%00%(upstream:short)%00%(objectname)%00%(upstream:track)%00%(upstream:remotename)%00%(upstream:remoteref) refs/heads/main refs/remotes/main [3ms]
2025-06-25 09:09:15.393 [warning] [Git][revParse] Unable to read file: ENOENT: no such file or directory, open '/home/f43939714/BULK-DOWNLOADER/.git/refs/remotes/origin/main'
2025-06-25 09:09:15.394 [info] > git rev-parse refs/remotes/origin/main [2ms]
2025-06-25 09:09:15.414 [info] > git status -z -uall [12ms]
2025-06-25 09:09:15.415 [info] > git for-each-ref --sort -committerdate --format %(refname)%00%(objectname)%00%(*objectname) [4ms]
2025-06-25 09:09:16.641 [info] > git check-ignore -v -z --stdin [2ms]
2025-06-25 09:09:20.449 [info] > git config --get commit.template [14ms]
2025-06-25 09:09:20.450 [info] > git for-each-ref --format=%(refname)%00%(upstream:short)%00%(objectname)%00%(upstream:track)%00%(upstream:remotename)%00%(upstream:remoteref) refs/heads/main refs/remotes/main [3ms]
2025-06-25 09:09:20.467 [warning] [Git][revParse] Unable to read file: ENOENT: no such file or directory, open '/home/f43939714/BULK-DOWNLOADER/.git/refs/remotes/origin/main'
2025-06-25 09:09:20.473 [info] > git rev-parse refs/remotes/origin/main [7ms]
2025-06-25 09:09:20.510 [info] > git status -z -uall [23ms]
2025-06-25 09:09:20.511 [info] > git for-each-ref --sort -committerdate --format %(refname)%00%(objectname)%00%(*objectname) [7ms]
2025-06-25 09:09:25.550 [info] > git config --get commit.template [15ms]
2025-06-25 09:09:25.553 [info] > git for-each-ref --format=%(refname)%00%(upstream:short)%00%(objectname)%00%(upstream:track)%00%(upstream:remotename)%00%(upstream:remoteref) refs/heads/main refs/remotes/main [4ms]
2025-06-25 09:09:25.564 [warning] [Git][revParse] Unable to read file: ENOENT: no such file or directory, open '/home/f43939714/BULK-DOWNLOADER/.git/refs/remotes/origin/main'
2025-06-25 09:09:25.570 [info] > git rev-parse refs/remotes/origin/main [6ms]
2025-06-25 09:09:25.608 [info] > git status -z -uall [22ms]
2025-06-25 09:09:25.610 [info] > git for-each-ref --sort -committerdate --format %(refname)%00%(objectname)%00%(*objectname) [8ms]
2025-06-25 09:09:26.541 [info] > git check-ignore -v -z --stdin [3ms]
2025-06-25 09:09:30.650 [info] > git config --get commit.template [18ms]
2025-06-25 09:09:30.653 [info] > git for-each-ref --format=%(refname)%00%(upstream:short)%00%(objectname)%00%(upstream:track)%00%(upstream:remotename)%00%(upstream:remoteref) refs/heads/main refs/remotes/main [6ms]
2025-06-25 09:09:30.670 [warning] [Git][revParse] Unable to read file: ENOENT: no such file or directory, open '/home/f43939714/BULK-DOWNLOADER/.git/refs/remotes/origin/main'
2025-06-25 09:09:30.677 [info] > git rev-parse refs/remotes/origin/main [7ms]
2025-06-25 09:09:30.714 [info] > git status -z -uall [21ms]
2025-06-25 09:09:30.722 [info] > git for-each-ref --sort -committerdate --format %(refname)%00%(objectname)%00%(*objectname) [12ms]
2025-06-25 09:09:31.987 [info] > git check-ignore -v -z --stdin [2ms]
2025-06-25 09:09:35.753 [info] > git config --get commit.template [9ms]
2025-06-25 09:09:35.754 [info] > git for-each-ref --format=%(refname)%00%(upstream:short)%00%(objectname)%00%(upstream:track)%00%(upstream:remotename)%00%(upstream:remoteref) refs/heads/main refs/remotes/main [2ms]
2025-06-25 09:09:35.763 [warning] [Git][revParse] Unable to read file: ENOENT: no such file or directory, open '/home/f43939714/BULK-DOWNLOADER/.git/refs/remotes/origin/main'
2025-06-25 09:09:35.764 [info] > git rev-parse refs/remotes/origin/main [2ms]
2025-06-25 09:09:35.785 [info] > git status -z -uall [13ms]
2025-06-25 09:09:35.786 [info] > git for-each-ref --sort -committerdate --format %(refname)%00%(objectname)%00%(*objectname) [5ms]
2025-06-25 09:09:41.864 [info] > git check-ignore -v -z --stdin [2ms]
2025-06-25 09:09:46.851 [info] > git check-ignore -v -z --stdin [2ms]
2025-06-25 09:09:47.845 [info] > git check-ignore -v -z --stdin [3ms]
2025-06-25 09:10:11.211 [info] > git config --get commit.template [14ms]
2025-06-25 09:10:11.216 [info] > git for-each-ref --format=%(refname)%00%(upstream:short)%00%(objectname)%00%(upstream:track)%00%(upstream:remotename)%00%(upstream:remoteref) refs/heads/main refs/remotes/main [6ms]
2025-06-25 09:10:11.230 [warning] [Git][revParse] Unable to read file: ENOENT: no such file or directory, open '/home/f43939714/BULK-DOWNLOADER/.git/refs/remotes/origin/main'
2025-06-25 09:10:11.235 [info] > git rev-parse refs/remotes/origin/main [5ms]
2025-06-25 09:10:11.269 [info] > git status -z -uall [18ms]
2025-06-25 09:10:11.277 [info] > git for-each-ref --sort -committerdate --format %(refname)%00%(objectname)%00%(*objectname) [10ms]
2025-06-25 09:10:21.897 [info] > git config --get commit.template [3ms]
2025-06-25 09:10:21.908 [info] > git for-each-ref --format=%(refname)%00%(upstream:short)%00%(objectname)%00%(upstream:track)%00%(upstream:remotename)%00%(upstream:remoteref) refs/heads/main refs/remotes/main [2ms]
2025-06-25 09:10:21.917 [warning] [Git][revParse] Unable to read file: ENOENT: no such file or directory, open '/home/f43939714/BULK-DOWNLOADER/.git/refs/remotes/origin/main'
2025-06-25 09:10:21.919 [info] > git rev-parse refs/remotes/origin/main [2ms]
2025-06-25 09:10:21.937 [info] > git status -z -uall [10ms]
2025-06-25 09:10:21.939 [info] > git for-each-ref --sort -committerdate --format %(refname)%00%(objectname)%00%(*objectname) [3ms]
2025-06-25 09:15:01.573 [info] > git check-ignore -v -z --stdin [2ms]
2025-06-25 09:15:04.227 [info] > git show --textconv :v9.sh [13ms]
2025-06-25 09:15:04.229 [info] > git ls-files --stage -- v9.sh [3ms]
2025-06-25 09:15:04.243 [info] > git cat-file -s b6348451ec5c5e5a53805399e4af39afb0a6ecb3 [4ms]
2025-06-25 09:15:16.096 [info] > git config --get commit.template [13ms]
2025-06-25 09:15:16.098 [info] > git for-each-ref --format=%(refname)%00%(upstream:short)%00%(objectname)%00%(upstream:track)%00%(upstream:remotename)%00%(upstream:remoteref) refs/heads/main refs/remotes/main [3ms]
2025-06-25 09:15:16.112 [warning] [Git][revParse] Unable to read file: ENOENT: no such file or directory, open '/home/f43939714/BULK-DOWNLOADER/.git/refs/remotes/origin/main'
2025-06-25 09:15:16.113 [info] > git rev-parse refs/remotes/origin/main [1ms]
2025-06-25 09:15:16.137 [info] > git status -z -uall [14ms]
2025-06-25 09:15:16.139 [info] > git for-each-ref --sort -committerdate --format %(refname)%00%(objectname)%00%(*objectname) [4ms]
2025-06-25 09:15:21.165 [info] > git config --get commit.template [9ms]
2025-06-25 09:15:21.166 [info] > git for-each-ref --format=%(refname)%00%(upstream:short)%00%(objectname)%00%(upstream:track)%00%(upstream:remotename)%00%(upstream:remoteref) refs/heads/main refs/remotes/main [2ms]
2025-06-25 09:15:21.174 [warning] [Git][revParse] Unable to read file: ENOENT: no such file or directory, open '/home/f43939714/BULK-DOWNLOADER/.git/refs/remotes/origin/main'
2025-06-25 09:15:21.176 [info] > git rev-parse refs/remotes/origin/main [2ms]
2025-06-25 09:15:21.194 [info] > git status -z -uall [10ms]
2025-06-25 09:15:21.196 [info] > git for-each-ref --sort -committerdate --format %(refname)%00%(objectname)%00%(*objectname) [3ms]
2025-06-25 09:15:26.228 [info] > git for-each-ref --format=%(refname)%00%(upstream:short)%00%(objectname)%00%(upstream:track)%00%(upstream:remotename)%00%(upstream:remoteref) refs/heads/main refs/remotes/main [5ms]
2025-06-25 09:15:26.229 [info] > git config --get commit.template [16ms]
2025-06-25 09:15:26.239 [warning] [Git][revParse] Unable to read file: ENOENT: no such file or directory, open '/home/f43939714/BULK-DOWNLOADER/.git/refs/remotes/origin/main'
2025-06-25 09:15:26.241 [info] > git rev-parse refs/remotes/origin/main [2ms]
2025-06-25 09:15:26.266 [info] > git status -z -uall [13ms]
2025-06-25 09:15:26.270 [info] > git for-each-ref --sort -committerdate --format %(refname)%00%(objectname)%00%(*objectname) [5ms]
2025-06-25 09:15:36.277 [info] > git show --textconv :v9.sh [10ms]
2025-06-25 09:15:36.279 [info] > git ls-files --stage -- v9.sh [3ms]
2025-06-25 09:15:36.290 [info] > git cat-file -s b6348451ec5c5e5a53805399e4af39afb0a6ecb3 [3ms]
2025-06-25 09:18:11.626 [info] > git config --get commit.template [9ms]
2025-06-25 09:18:11.628 [info] > git for-each-ref --format=%(refname)%00%(upstream:short)%00%(objectname)%00%(upstream:track)%00%(upstream:remotename)%00%(upstream:remoteref) refs/heads/main refs/remotes/main [4ms]
2025-06-25 09:18:11.636 [warning] [Git][revParse] Unable to read file: ENOENT: no such file or directory, open '/home/f43939714/BULK-DOWNLOADER/.git/refs/remotes/origin/main'
2025-06-25 09:18:11.638 [info] > git rev-parse refs/remotes/origin/main [2ms]
2025-06-25 09:18:11.658 [info] > git status -z -uall [12ms]
2025-06-25 09:18:11.659 [info] > git for-each-ref --sort -committerdate --format %(refname)%00%(objectname)%00%(*objectname) [4ms]
2025-06-25 09:18:16.682 [info] > git config --get commit.template [10ms]
2025-06-25 09:18:16.684 [info] > git for-each-ref --format=%(refname)%00%(upstream:short)%00%(objectname)%00%(upstream:track)%00%(upstream:remotename)%00%(upstream:remoteref) refs/heads/main refs/remotes/main [3ms]
2025-06-25 09:18:16.691 [warning] [Git][revParse] Unable to read file: ENOENT: no such file or directory, open '/home/f43939714/BULK-DOWNLOADER/.git/refs/remotes/origin/main'
2025-06-25 09:18:16.694 [info] > git rev-parse refs/remotes/origin/main [3ms]
2025-06-25 09:18:16.715 [info] > git status -z -uall [14ms]
2025-06-25 09:18:16.719 [info] > git for-each-ref --sort -committerdate --format %(refname)%00%(objectname)%00%(*objectname) [8ms]
2025-06-25 09:19:49.087 [info] > git config --get commit.template [3ms]
2025-06-25 09:19:49.100 [info] > git for-each-ref --format=%(refname)%00%(upstream:short)%00%(objectname)%00%(upstream:track)%00%(upstream:remotename)%00%(upstream:remoteref) refs/heads/main refs/remotes/main [3ms]
2025-06-25 09:19:49.112 [warning] [Git][revParse] Unable to read file: ENOENT: no such file or directory, open '/home/f43939714/BULK-DOWNLOADER/.git/refs/remotes/origin/main'
2025-06-25 09:19:49.113 [info] > git rev-parse refs/remotes/origin/main [2ms]
2025-06-25 09:19:49.136 [info] > git status -z -uall [13ms]
2025-06-25 09:19:49.138 [info] > git for-each-ref --sort -committerdate --format %(refname)%00%(objectname)%00%(*objectname) [3ms]
2025-06-25 09:19:54.168 [info] > git config --get commit.template [11ms]
2025-06-25 09:19:54.169 [info] > git for-each-ref --format=%(refname)%00%(upstream:short)%00%(objectname)%00%(upstream:track)%00%(upstream:remotename)%00%(upstream:remoteref) refs/heads/main refs/remotes/main [2ms]
2025-06-25 09:19:54.179 [warning] [Git][revParse] Unable to read file: ENOENT: no such file or directory, open '/home/f43939714/BULK-DOWNLOADER/.git/refs/remotes/origin/main'
2025-06-25 09:19:54.182 [info] > git rev-parse refs/remotes/origin/main [3ms]
2025-06-25 09:19:54.201 [info] > git status -z -uall [11ms]
2025-06-25 09:19:54.203 [info] > git for-each-ref --sort -committerdate --format %(refname)%00%(objectname)%00%(*objectname) [3ms]
2025-06-25 09:20:09.270 [info] > git config --get commit.template [10ms]
2025-06-25 09:20:09.272 [info] > git for-each-ref --format=%(refname)%00%(upstream:short)%00%(objectname)%00%(upstream:track)%00%(upstream:remotename)%00%(upstream:remoteref) refs/heads/main refs/remotes/main [3ms]
2025-06-25 09:20:09.280 [warning] [Git][revParse] Unable to read file: ENOENT: no such file or directory, open '/home/f43939714/BULK-DOWNLOADER/.git/refs/remotes/origin/main'
2025-06-25 09:20:09.282 [info] > git rev-parse refs/remotes/origin/main [2ms]
2025-06-25 09:20:09.304 [info] > git status -z -uall [14ms]
2025-06-25 09:20:09.305 [info] > git for-each-ref --sort -committerdate --format %(refname)%00%(objectname)%00%(*objectname) [4ms]
2025-06-25 09:21:18.263 [info] > git config --get commit.template [10ms]
2025-06-25 09:21:18.264 [info] > git for-each-ref --format=%(refname)%00%(upstream:short)%00%(objectname)%00%(upstream:track)%00%(upstream:remotename)%00%(upstream:remoteref) refs/heads/main refs/remotes/main [2ms]
2025-06-25 09:21:18.272 [warning] [Git][revParse] Unable to read file: ENOENT: no such file or directory, open '/home/f43939714/BULK-DOWNLOADER/.git/refs/remotes/origin/main'
2025-06-25 09:21:18.275 [info] > git rev-parse refs/remotes/origin/main [3ms]
2025-06-25 09:21:18.294 [info] > git status -z -uall [11ms]
2025-06-25 09:21:18.296 [info] > git for-each-ref --sort -committerdate --format %(refname)%00%(objectname)%00%(*objectname) [3ms]
2025-06-25 09:21:18.869 [info] > git show --textconv :cookies.txt [9ms]
2025-06-25 09:21:18.872 [info] > git ls-files --stage -- cookies.txt [3ms]
2025-06-25 09:21:18.881 [info] > git cat-file -s 8b137891791fe96927ad78e64b0aad7bded08bdc [2ms]
2025-06-25 09:21:23.319 [info] > git config --get commit.template [11ms]
2025-06-25 09:21:23.319 [info] > git for-each-ref --format=%(refname)%00%(upstream:short)%00%(objectname)%00%(upstream:track)%00%(upstream:remotename)%00%(upstream:remoteref) refs/heads/main refs/remotes/main [3ms]
2025-06-25 09:21:23.327 [warning] [Git][revParse] Unable to read file: ENOENT: no such file or directory, open '/home/f43939714/BULK-DOWNLOADER/.git/refs/remotes/origin/main'
2025-06-25 09:21:23.329 [info] > git rev-parse refs/remotes/origin/main [2ms]
2025-06-25 09:21:23.347 [info] > git status -z -uall [10ms]
2025-06-25 09:21:23.349 [info] > git for-each-ref --sort -committerdate --format %(refname)%00%(objectname)%00%(*objectname) [3ms]
2025-06-25 09:21:33.024 [info] > git config --get commit.template [2ms]
2025-06-25 09:21:33.034 [info] > git for-each-ref --format=%(refname)%00%(upstream:short)%00%(objectname)%00%(upstream:track)%00%(upstream:remotename)%00%(upstream:remoteref) refs/heads/main refs/remotes/main [3ms]
2025-06-25 09:21:33.041 [warning] [Git][revParse] Unable to read file: ENOENT: no such file or directory, open '/home/f43939714/BULK-DOWNLOADER/.git/refs/remotes/origin/main'
2025-06-25 09:21:33.043 [info] > git rev-parse refs/remotes/origin/main [2ms]
2025-06-25 09:21:33.063 [info] > git status -z -uall [10ms]
2025-06-25 09:21:33.065 [info] > git for-each-ref --sort -committerdate --format %(refname)%00%(objectname)%00%(*objectname) [2ms]
2025-06-25 09:21:39.706 [info] > git config --get commit.template [10ms]
2025-06-25 09:21:39.710 [info] > git for-each-ref --format=%(refname)%00%(upstream:short)%00%(objectname)%00%(upstream:track)%00%(upstream:remotename)%00%(upstream:remoteref) refs/heads/main refs/remotes/main [5ms]
2025-06-25 09:21:39.718 [warning] [Git][revParse] Unable to read file: ENOENT: no such file or directory, open '/home/f43939714/BULK-DOWNLOADER/.git/refs/remotes/origin/main'
2025-06-25 09:21:39.720 [info] > git rev-parse refs/remotes/origin/main [2ms]
2025-06-25 09:21:39.740 [info] > git status -z -uall [13ms]
2025-06-25 09:21:39.742 [info] > git for-each-ref --sort -committerdate --format %(refname)%00%(objectname)%00%(*objectname) [5ms]
2025-06-25 09:22:00.175 [info] > git config --get commit.template [12ms]
2025-06-25 09:22:00.176 [info] > git for-each-ref --format=%(refname)%00%(upstream:short)%00%(objectname)%00%(upstream:track)%00%(upstream:remotename)%00%(upstream:remoteref) refs/heads/main refs/remotes/main [4ms]
2025-06-25 09:22:00.184 [warning] [Git][revParse] Unable to read file: ENOENT: no such file or directory, open '/home/f43939714/BULK-DOWNLOADER/.git/refs/remotes/origin/main'
2025-06-25 09:22:00.185 [info] > git rev-parse refs/remotes/origin/main [2ms]
2025-06-25 09:22:00.204 [info] > git status -z -uall [11ms]
2025-06-25 09:22:00.207 [info] > git for-each-ref --sort -committerdate --format %(refname)%00%(objectname)%00%(*objectname) [5ms]
2025-06-25 09:22:05.235 [info] > git config --get commit.template [12ms]
2025-06-25 09:22:05.237 [info] > git for-each-ref --format=%(refname)%00%(upstream:short)%00%(objectname)%00%(upstream:track)%00%(upstream:remotename)%00%(upstream:remoteref) refs/heads/main refs/remotes/main [3ms]
2025-06-25 09:22:05.248 [warning] [Git][revParse] Unable to read file: ENOENT: no such file or directory, open '/home/f43939714/BULK-DOWNLOADER/.git/refs/remotes/origin/main'
2025-06-25 09:22:05.250 [info] > git rev-parse refs/remotes/origin/main [2ms]
2025-06-25 09:22:05.270 [info] > git status -z -uall [10ms]
2025-06-25 09:22:05.275 [info] > git for-each-ref --sort -committerdate --format %(refname)%00%(objectname)%00%(*objectname) [6ms]
2025-06-25 09:22:59.754 [info] > git config --get commit.template [10ms]
2025-06-25 09:22:59.756 [info] > git for-each-ref --format=%(refname)%00%(upstream:short)%00%(objectname)%00%(upstream:track)%00%(upstream:remotename)%00%(upstream:remoteref) refs/heads/main refs/remotes/main [2ms]
2025-06-25 09:22:59.764 [warning] [Git][revParse] Unable to read file: ENOENT: no such file or directory, open '/home/f43939714/BULK-DOWNLOADER/.git/refs/remotes/origin/main'
2025-06-25 09:22:59.767 [info] > git rev-parse refs/remotes/origin/main [2ms]
2025-06-25 09:22:59.789 [info] > git status -z -uall [12ms]
2025-06-25 09:22:59.791 [info] > git for-each-ref --sort -committerdate --format %(refname)%00%(objectname)%00%(*objectname) [4ms]
2025-06-25 09:23:04.810 [info] > git config --get commit.template [3ms]
2025-06-25 09:23:04.823 [info] > git for-each-ref --format=%(refname)%00%(upstream:short)%00%(objectname)%00%(upstream:track)%00%(upstream:remotename)%00%(upstream:remoteref) refs/heads/main refs/remotes/main [3ms]
2025-06-25 09:23:04.833 [warning] [Git][revParse] Unable to read file: ENOENT: no such file or directory, open '/home/f43939714/BULK-DOWNLOADER/.git/refs/remotes/origin/main'
2025-06-25 09:23:04.835 [info] > git rev-parse refs/remotes/origin/main [2ms]
2025-06-25 09:23:04.860 [info] > git status -z -uall [14ms]
2025-06-25 09:23:04.863 [info] > git for-each-ref --sort -committerdate --format %(refname)%00%(objectname)%00%(*objectname) [4ms]
2025-06-25 09:24:57.433 [info] > git check-ignore -v -z --stdin [2ms]
2025-06-25 09:25:00.106 [info] > git config --get commit.template [10ms]
2025-06-25 09:25:00.107 [info] > git for-each-ref --format=%(refname)%00%(upstream:short)%00%(objectname)%00%(upstream:track)%00%(upstream:remotename)%00%(upstream:remoteref) refs/heads/main refs/remotes/main [2ms]
2025-06-25 09:25:00.116 [warning] [Git][revParse] Unable to read file: ENOENT: no such file or directory, open '/home/f43939714/BULK-DOWNLOADER/.git/refs/remotes/origin/main'
2025-06-25 09:25:00.118 [info] > git rev-parse refs/remotes/origin/main [1ms]
2025-06-25 09:25:00.136 [info] > git status -z -uall [9ms]
2025-06-25 09:25:00.138 [info] > git for-each-ref --sort -committerdate --format %(refname)%00%(objectname)%00%(*objectname) [3ms]
2025-06-25 09:25:05.156 [info] > git config --get commit.template [3ms]
2025-06-25 09:25:05.166 [info] > git for-each-ref --format=%(refname)%00%(upstream:short)%00%(objectname)%00%(upstream:track)%00%(upstream:remotename)%00%(upstream:remoteref) refs/heads/main refs/remotes/main [2ms]
2025-06-25 09:25:05.174 [warning] [Git][revParse] Unable to read file: ENOENT: no such file or directory, open '/home/f43939714/BULK-DOWNLOADER/.git/refs/remotes/origin/main'
2025-06-25 09:25:05.176 [info] > git rev-parse refs/remotes/origin/main [2ms]
2025-06-25 09:25:05.194 [info] > git status -z -uall [9ms]
2025-06-25 09:25:05.196 [info] > git for-each-ref --sort -committerdate --format %(refname)%00%(objectname)%00%(*objectname) [3ms]
2025-06-25 09:25:06.839 [info] > git show --textconv :v9.sh [13ms]
2025-06-25 09:25:06.840 [info] > git ls-files --stage -- v9.sh [3ms]
2025-06-25 09:25:06.853 [info] > git cat-file -s b6348451ec5c5e5a53805399e4af39afb0a6ecb3 [3ms]
2025-06-25 09:33:13.620 [info] > git config --get commit.template [3ms]
2025-06-25 09:33:13.632 [info] > git for-each-ref --format=%(refname)%00%(upstream:short)%00%(objectname)%00%(upstream:track)%00%(upstream:remotename)%00%(upstream:remoteref) refs/heads/main refs/remotes/main [3ms]
2025-06-25 09:33:13.639 [warning] [Git][revParse] Unable to read file: ENOENT: no such file or directory, open '/home/f43939714/BULK-DOWNLOADER/.git/refs/remotes/origin/main'
2025-06-25 09:33:13.641 [info] > git rev-parse refs/remotes/origin/main [2ms]
2025-06-25 09:33:13.659 [info] > git status -z -uall [10ms]
2025-06-25 09:33:13.661 [info] > git for-each-ref --sort -committerdate --format %(refname)%00%(objectname)%00%(*objectname) [3ms]
2025-06-25 09:33:18.691 [info] > git config --get commit.template [12ms]
2025-06-25 09:33:18.693 [info] > git for-each-ref --format=%(refname)%00%(upstream:short)%00%(objectname)%00%(upstream:track)%00%(upstream:remotename)%00%(upstream:remoteref) refs/heads/main refs/remotes/main [4ms]
2025-06-25 09:33:18.703 [warning] [Git][revParse] Unable to read file: ENOENT: no such file or directory, open '/home/f43939714/BULK-DOWNLOADER/.git/refs/remotes/origin/main'
2025-06-25 09:33:18.706 [info] > git rev-parse refs/remotes/origin/main [3ms]
2025-06-25 09:33:18.731 [info] > git status -z -uall [15ms]
2025-06-25 09:33:18.734 [info] > git for-each-ref --sort -committerdate --format %(refname)%00%(objectname)%00%(*objectname) [5ms]
