Initializing document watcher...
Document watcher initialized
f43939714/BULK-DOWNLOADER/v8.sh: {}
f43939714/BULK-DOWNLOADER/v8.sh: {}
f43939714/BULK-DOWNLOADER/v8.sh: {}
f43939714/BULK-DOWNLOADER/v8.sh: {}
f43939714/BULK-DOWNLOADER/cookies.txt: {}
f43939714/BULK-DOWNLOADER/cookies.txt: {}
f43939714/BULK-DOWNLOADER/cookies.txt: Using EditorConfig core...
f43939714/BULK-DOWNLOADER/cookies.txt: {}
f43939714/BULK-DOWNLOADER/v9.sh: {}
f43939714/BULK-DOWNLOADER/v9.sh: Using EditorConfig core...
f43939714/BULK-DOWNLOADER/v9.sh: Using EditorConfig core...
f43939714/BULK-DOWNLOADER/v9.sh: Using EditorConfig core...
f43939714/BULK-DOWNLOADER/v9.sh: {}
f43939714/BULK-DOWNLOADER/cookies.txt: {}
f43939714/BULK-DOWNLOADER/cookies.txt: Using EditorConfig core...
f43939714/BULK-DOWNLOADER/cookies.txt: {}
f43939714/BULK-DOWNLOADER/v9.sh: {}
f43939714/BULK-DOWNLOADER/v9.sh: {}
f43939714/BULK-DOWNLOADER/v9.sh: Using EditorConfig core...
f43939714/BULK-DOWNLOADER/v9.sh: Using EditorConfig core...
f43939714/BULK-DOWNLOADER/v9.sh: Using EditorConfig core...
f43939714/BULK-DOWNLOADER/v9.sh: Using EditorConfig core...
f43939714/BULK-DOWNLOADER/v9.sh: {}
f43939714/BULK-DOWNLOADER/cookies.txt: {}
f43939714/BULK-DOWNLOADER/cookies.txt: Using EditorConfig core...
f43939714/BULK-DOWNLOADER/cookies.txt: {}
f43939714/BULK-DOWNLOADER/cookies.txt: Using EditorConfig core...
f43939714/BULK-DOWNLOADER/cookies.txt: {}
f43939714/BULK-DOWNLOADER/v9.sh: {}
f43939714/BULK-DOWNLOADER/v9.sh: Using EditorConfig core...
f43939714/BULK-DOWNLOADER/v9.sh: Using EditorConfig core...
f43939714/BULK-DOWNLOADER/v9.sh: Using EditorConfig core...
f43939714/BULK-DOWNLOADER/v9.sh: {}
f43939714/BULK-DOWNLOADER/cookies.txt: {}
f43939714/BULK-DOWNLOADER/cookies.txt: {}
f43939714/BULK-DOWNLOADER/cookies.txt: {}
f43939714/BULK-DOWNLOADER/v9.sh: {}
f43939714/BULK-DOWNLOADER/v9.sh: Using EditorConfig core...
f43939714/BULK-DOWNLOADER/v9.sh: Using EditorConfig core...
f43939714/BULK-DOWNLOADER/v9.sh: {}
f43939714/BULK-DOWNLOADER/v9.sh: Using EditorConfig core...
f43939714/BULK-DOWNLOADER/v9.sh: {}
f43939714/BULK-DOWNLOADER/v9.sh: {}
f43939714/BULK-DOWNLOADER/v9.sh: {}
f43939714/BULK-DOWNLOADER/youtube_videos_downloads/Can a Soap Boat complete a full lap on a circular track？ #shorts.description: {}
No more open editors.
No more open editors.
f43939714/BULK-DOWNLOADER/v9.sh: {}
f43939714/BULK-DOWNLOADER/v9.sh: Using EditorConfig core...
f43939714/BULK-DOWNLOADER/v9.sh: Using EditorConfig core...
f43939714/BULK-DOWNLOADER/v9.sh: Using EditorConfig core...
f43939714/BULK-DOWNLOADER/v9.sh: {}
f43939714/BULK-DOWNLOADER/v9.sh: {}
f43939714/BULK-DOWNLOADER/v9.sh: Using EditorConfig core...
f43939714/BULK-DOWNLOADER/v9.sh: Using EditorConfig core...
f43939714/BULK-DOWNLOADER/v9.sh: {}
f43939714/BULK-DOWNLOADER/v9.sh: Using EditorConfig core...
f43939714/BULK-DOWNLOADER/v9.sh: Using EditorConfig core...
f43939714/BULK-DOWNLOADER/v9.sh: {}
f43939714/BULK-DOWNLOADER/v9.sh: {}
f43939714/BULK-DOWNLOADER/cookies.txt: {}
f43939714/BULK-DOWNLOADER/cookies.txt: Using EditorConfig core...
f43939714/BULK-DOWNLOADER/cookies.txt: {}
f43939714/BULK-DOWNLOADER/cookies.txt: Using EditorConfig core...
f43939714/BULK-DOWNLOADER/cookies.txt: Using EditorConfig core...
f43939714/BULK-DOWNLOADER/cookies.txt: {}
f43939714/BULK-DOWNLOADER/cookies.txt: Using EditorConfig core...
f43939714/BULK-DOWNLOADER/cookies.txt: {}
f43939714/BULK-DOWNLOADER/cookies.txt: {}
f43939714/BULK-DOWNLOADER/v9.sh: {}
f43939714/BULK-DOWNLOADER/v9.sh: {}
f43939714/BULK-DOWNLOADER/v9.sh: {}
f43939714/BULK-DOWNLOADER/v9.sh: Using EditorConfig core...
f43939714/BULK-DOWNLOADER/v9.sh: Using EditorConfig core...
f43939714/BULK-DOWNLOADER/v9.sh: Using EditorConfig core...
