2025-06-17 07:38:26.615 [info] [main] Log level: Info
2025-06-17 07:38:26.615 [info] [main] Validating found git in: "git"
2025-06-17 07:38:26.615 [info] [main] Using git "2.43.0" from "git"
2025-06-17 07:38:26.615 [info] [Model][doInitialScan] Initial repository scan started
2025-06-17 07:38:26.615 [info] > git rev-parse --show-toplevel [190ms]
2025-06-17 07:38:26.615 [info] > git rev-parse --git-dir --git-common-dir [16ms]
2025-06-17 07:38:26.615 [info] [Model][openRepository] Opened repository: /home/f43939714/cloudshell_open/python-docs-samples
2025-06-17 07:38:26.681 [info] > git config --get commit.template [67ms]
2025-06-17 07:38:26.775 [info] > git for-each-ref --format=%(refname)%00%(upstream:short)%00%(objectname)%00%(upstream:track)%00%(upstream:remotename)%00%(upstream:remoteref) refs/heads/main refs/remotes/main [83ms]
2025-06-17 07:38:26.785 [warning] [Git][revParse] Unable to read file: ENOENT: no such file or directory, open '/home/f43939714/cloudshell_open/python-docs-samples/.git/refs/remotes/origin/main'
2025-06-17 07:38:35.795 [info] > git check-ignore -v -z --stdin [430ms]
2025-06-17 07:38:35.797 [info] > git rev-parse refs/remotes/origin/main [9012ms]
2025-06-17 07:38:35.940 [info] > git status -z -uall [134ms]
2025-06-17 07:38:35.940 [info] > git for-each-ref --sort -committerdate --format %(refname)%00%(objectname)%00%(*objectname) [115ms]
2025-06-17 07:38:36.409 [info] > git for-each-ref --format=%(refname)%00%(upstream:short)%00%(objectname)%00%(upstream:track)%00%(upstream:remotename)%00%(upstream:remoteref) refs/heads/main refs/remotes/main [29ms]
2025-06-17 07:38:36.424 [info] > git config --get commit.template [27ms]
2025-06-17 07:38:36.440 [info] > git config --get --local branch.main.vscode-merge-base [21ms]
2025-06-17 07:38:36.566 [info] > git for-each-ref --format=%(refname)%00%(upstream:short)%00%(objectname)%00%(upstream:track)%00%(upstream:remotename)%00%(upstream:remoteref) refs/heads/origin/main refs/remotes/origin/main [117ms]
2025-06-17 07:38:36.602 [info] > git for-each-ref --format=%(refname)%00%(upstream:short)%00%(objectname)%00%(upstream:track)%00%(upstream:remotename)%00%(upstream:remoteref) refs/heads/main refs/remotes/main [126ms]
2025-06-17 07:38:36.606 [info] > git merge-base refs/heads/main refs/remotes/origin/main [15ms]
2025-06-17 07:38:36.671 [warning] [Git][revParse] Unable to read file: ENOENT: no such file or directory, open '/home/f43939714/cloudshell_open/python-docs-samples/.git/refs/remotes/origin/main'
2025-06-17 07:38:36.698 [info] > git diff --name-status -z --diff-filter=ADMR 242fb368bd1be03b094359e80bf3545ad36a0568...refs/remotes/origin/main [65ms]
2025-06-17 07:38:36.828 [info] > git rev-parse refs/remotes/origin/main [157ms]
2025-06-17 07:38:36.932 [info] > git for-each-ref --sort -committerdate --format %(refname)%00%(objectname)%00%(*objectname) [47ms]
2025-06-17 07:38:36.991 [info] > git status -z -uall [137ms]
2025-06-17 07:38:37.329 [info] > git rev-parse --show-toplevel [5ms]
2025-06-17 07:38:37.369 [info] > git rev-parse --show-toplevel [6ms]
2025-06-17 07:38:37.404 [info] > git rev-parse --show-toplevel [5ms]
2025-06-17 07:38:37.448 [info] > git rev-parse --show-toplevel [12ms]
2025-06-17 07:38:37.483 [info] > git rev-parse --show-toplevel [3ms]
2025-06-17 07:38:37.520 [info] > git rev-parse --show-toplevel [5ms]
2025-06-17 07:38:37.564 [info] > git rev-parse --show-toplevel [6ms]
2025-06-17 07:38:37.598 [info] > git rev-parse --show-toplevel [5ms]
2025-06-17 07:38:37.634 [info] > git rev-parse --show-toplevel [6ms]
2025-06-17 07:38:37.672 [info] > git rev-parse --show-toplevel [2ms]
2025-06-17 07:38:37.712 [info] > git rev-parse --show-toplevel [8ms]
2025-06-17 07:38:37.754 [info] > git rev-parse --show-toplevel [4ms]
2025-06-17 07:38:37.793 [info] > git rev-parse --show-toplevel [2ms]
2025-06-17 07:38:37.832 [info] > git rev-parse --show-toplevel [7ms]
2025-06-17 07:38:37.878 [info] > git rev-parse --show-toplevel [8ms]
2025-06-17 07:38:37.913 [info] > git rev-parse --show-toplevel [4ms]
2025-06-17 07:38:37.954 [info] > git rev-parse --show-toplevel [9ms]
2025-06-17 07:38:37.995 [info] > git rev-parse --show-toplevel [7ms]
2025-06-17 07:38:38.031 [info] > git rev-parse --show-toplevel [5ms]
2025-06-17 07:38:38.077 [info] > git rev-parse --show-toplevel [7ms]
2025-06-17 07:38:38.112 [info] > git rev-parse --show-toplevel [5ms]
2025-06-17 07:38:38.160 [info] > git rev-parse --show-toplevel [9ms]
2025-06-17 07:38:38.203 [info] > git rev-parse --show-toplevel [8ms]
2025-06-17 07:38:38.243 [info] > git rev-parse --show-toplevel [8ms]
2025-06-17 07:38:38.284 [info] > git rev-parse --show-toplevel [4ms]
2025-06-17 07:38:38.323 [info] > git rev-parse --show-toplevel [4ms]
2025-06-17 07:38:38.367 [info] > git rev-parse --show-toplevel [6ms]
2025-06-17 07:38:38.403 [info] > git rev-parse --show-toplevel [4ms]
2025-06-17 07:38:38.453 [info] > git rev-parse --show-toplevel [17ms]
2025-06-17 07:38:38.494 [info] > git rev-parse --show-toplevel [6ms]
2025-06-17 07:38:38.532 [info] > git rev-parse --show-toplevel [4ms]
2025-06-17 07:38:38.580 [info] > git rev-parse --show-toplevel [7ms]
2025-06-17 07:38:38.621 [info] > git rev-parse --show-toplevel [4ms]
2025-06-17 07:38:38.663 [info] > git rev-parse --show-toplevel [3ms]
2025-06-17 07:38:38.687 [info] > git rev-parse --show-toplevel [5ms]
2025-06-17 07:38:38.709 [info] > git rev-parse --show-toplevel [5ms]
2025-06-17 07:38:38.733 [info] > git rev-parse --show-toplevel [5ms]
2025-06-17 07:38:40.429 [info] > git rev-parse --show-toplevel [31ms]
2025-06-17 07:38:40.500 [info] > git rev-parse --show-toplevel [15ms]
2025-06-17 07:38:40.538 [info] > git rev-parse --show-toplevel [14ms]
2025-06-17 07:38:40.583 [info] > git rev-parse --show-toplevel [24ms]
2025-06-17 07:38:40.666 [info] > git rev-parse --show-toplevel [38ms]
2025-06-17 07:38:40.693 [info] > git rev-parse --show-toplevel [5ms]
2025-06-17 07:38:40.735 [info] > git rev-parse --show-toplevel [8ms]
2025-06-17 07:38:40.773 [info] > git rev-parse --show-toplevel [10ms]
2025-06-17 07:38:40.820 [info] > git rev-parse --show-toplevel [13ms]
2025-06-17 07:38:40.895 [info] > git rev-parse --show-toplevel [12ms]
2025-06-17 07:38:40.961 [info] > git rev-parse --show-toplevel [14ms]
2025-06-17 07:38:41.003 [info] > git rev-parse --show-toplevel [4ms]
2025-06-17 07:38:41.031 [info] > git rev-parse --show-toplevel [3ms]
2025-06-17 07:38:41.074 [info] > git rev-parse --show-toplevel [14ms]
2025-06-17 07:38:41.125 [info] > git rev-parse --show-toplevel [4ms]
2025-06-17 07:38:41.155 [info] > git rev-parse --show-toplevel [7ms]
2025-06-17 07:38:41.180 [info] > git rev-parse --show-toplevel [4ms]
2025-06-17 07:38:41.223 [info] > git rev-parse --show-toplevel [8ms]
2025-06-17 07:38:41.268 [info] > git rev-parse --show-toplevel [9ms]
2025-06-17 07:38:41.295 [info] > git rev-parse --show-toplevel [7ms]
2025-06-17 07:38:41.321 [info] > git rev-parse --show-toplevel [4ms]
2025-06-17 07:38:41.352 [info] > git rev-parse --show-toplevel [4ms]
2025-06-17 07:38:41.375 [info] > git rev-parse --show-toplevel [4ms]
2025-06-17 07:38:41.403 [info] > git rev-parse --show-toplevel [7ms]
2025-06-17 07:38:41.428 [info] > git rev-parse --show-toplevel [5ms]
2025-06-17 07:38:41.455 [info] > git rev-parse --show-toplevel [5ms]
2025-06-17 07:38:41.479 [info] > git rev-parse --show-toplevel [3ms]
2025-06-17 07:38:41.506 [info] > git rev-parse --show-toplevel [7ms]
2025-06-17 07:38:41.531 [info] > git rev-parse --show-toplevel [5ms]
2025-06-17 07:38:41.564 [info] > git rev-parse --show-toplevel [5ms]
2025-06-17 07:38:41.625 [info] > git rev-parse --show-toplevel [23ms]
2025-06-17 07:38:41.699 [info] > git rev-parse --show-toplevel [16ms]
2025-06-17 07:38:41.759 [info] > git rev-parse --show-toplevel [12ms]
2025-06-17 07:38:41.812 [info] > git rev-parse --show-toplevel [9ms]
2025-06-17 07:38:41.862 [info] > git rev-parse --show-toplevel [9ms]
2025-06-17 07:38:41.895 [info] > git rev-parse --show-toplevel [5ms]
2025-06-17 07:38:41.923 [info] > git rev-parse --show-toplevel [7ms]
2025-06-17 07:38:41.963 [info] > git rev-parse --show-toplevel [4ms]
2025-06-17 07:38:42.000 [info] > git rev-parse --show-toplevel [9ms]
2025-06-17 07:38:42.032 [info] > git rev-parse --show-toplevel [6ms]
2025-06-17 07:38:42.060 [info] > git rev-parse --show-toplevel [5ms]
2025-06-17 07:38:42.085 [info] > git rev-parse --show-toplevel [5ms]
2025-06-17 07:38:42.108 [info] > git rev-parse --show-toplevel [5ms]
2025-06-17 07:38:42.133 [info] > git rev-parse --show-toplevel [6ms]
2025-06-17 07:38:42.174 [info] > git rev-parse --show-toplevel [10ms]
2025-06-17 07:38:42.211 [info] > git rev-parse --show-toplevel [9ms]
2025-06-17 07:38:42.235 [info] > git rev-parse --show-toplevel [4ms]
2025-06-17 07:38:42.274 [info] > git rev-parse --show-toplevel [21ms]
2025-06-17 07:38:42.316 [info] > git rev-parse --show-toplevel [11ms]
2025-06-17 07:38:42.352 [info] > git rev-parse --show-toplevel [11ms]
2025-06-17 07:38:42.407 [info] > git rev-parse --show-toplevel [20ms]
2025-06-17 07:38:42.469 [info] > git rev-parse --show-toplevel [17ms]
2025-06-17 07:38:42.494 [info] > git rev-parse --show-toplevel [5ms]
2025-06-17 07:38:42.529 [info] > git rev-parse --show-toplevel [8ms]
2025-06-17 07:38:42.553 [info] > git rev-parse --show-toplevel [3ms]
2025-06-17 07:38:42.578 [info] > git rev-parse --show-toplevel [6ms]
2025-06-17 07:38:42.603 [info] > git rev-parse --show-toplevel [6ms]
2025-06-17 07:38:42.630 [info] > git rev-parse --show-toplevel [6ms]
2025-06-17 07:38:42.656 [info] > git rev-parse --show-toplevel [3ms]
2025-06-17 07:38:42.681 [info] > git rev-parse --show-toplevel [7ms]
2025-06-17 07:38:42.706 [info] > git rev-parse --show-toplevel [7ms]
2025-06-17 07:38:42.731 [info] > git rev-parse --show-toplevel [6ms]
2025-06-17 07:38:42.755 [info] > git rev-parse --show-toplevel [5ms]
2025-06-17 07:38:42.779 [info] > git rev-parse --show-toplevel [5ms]
2025-06-17 07:38:42.802 [info] > git rev-parse --show-toplevel [5ms]
2025-06-17 07:38:42.803 [info] [Model][doInitialScan] Initial repository scan completed - repositories (1), closed repositories (0), parent repositories (0), unsafe repositories (0)
