2025-07-12 07:41:38.180 [info] [main] Log level: Info
2025-07-12 07:41:38.180 [info] [main] Validating found git in: "git"
2025-07-12 07:41:38.180 [info] [main] Using git "2.43.0" from "git"
2025-07-12 07:41:38.180 [info] [Model][doInitialScan] Initial repository scan started
2025-07-12 07:41:38.180 [info] > git rev-parse --show-toplevel [4ms]
2025-07-12 07:41:38.180 [info] fatal: not a git repository (or any parent up to mount point /)
Stopping at filesystem boundary (GIT_DISCOVERY_ACROSS_FILESYSTEM not set).
2025-07-12 07:41:38.180 [info] > git rev-parse --show-toplevel [3ms]
2025-07-12 07:41:38.180 [info] fatal: not a git repository (or any parent up to mount point /)
Stopping at filesystem boundary (GIT_DISCOVERY_ACROSS_FILESYSTEM not set).
2025-07-12 07:41:38.180 [info] > git rev-parse --show-toplevel [4ms]
2025-07-12 07:41:38.180 [info] fatal: not a git repository (or any parent up to mount point /)
Stopping at filesystem boundary (GIT_DISCOVERY_ACROSS_FILESYSTEM not set).
2025-07-12 07:41:38.181 [info] > git rev-parse --show-toplevel [2ms]
2025-07-12 07:41:38.182 [info] fatal: not a git repository (or any parent up to mount point /)
Stopping at filesystem boundary (GIT_DISCOVERY_ACROSS_FILESYSTEM not set).
2025-07-12 07:41:38.186 [info] > git rev-parse --show-toplevel [2ms]
2025-07-12 07:41:38.186 [info] fatal: not a git repository (or any parent up to mount point /)
Stopping at filesystem boundary (GIT_DISCOVERY_ACROSS_FILESYSTEM not set).
2025-07-12 07:41:38.191 [info] > git rev-parse --show-toplevel [2ms]
2025-07-12 07:41:38.191 [info] fatal: not a git repository (or any parent up to mount point /)
Stopping at filesystem boundary (GIT_DISCOVERY_ACROSS_FILESYSTEM not set).
2025-07-12 07:41:38.195 [info] > git rev-parse --show-toplevel [2ms]
2025-07-12 07:41:38.195 [info] fatal: not a git repository (or any parent up to mount point /)
Stopping at filesystem boundary (GIT_DISCOVERY_ACROSS_FILESYSTEM not set).
2025-07-12 07:41:38.199 [info] > git rev-parse --show-toplevel [1ms]
2025-07-12 07:41:38.200 [info] fatal: not a git repository (or any parent up to mount point /)
Stopping at filesystem boundary (GIT_DISCOVERY_ACROSS_FILESYSTEM not set).
2025-07-12 07:41:38.204 [info] > git rev-parse --show-toplevel [2ms]
2025-07-12 07:41:38.204 [info] fatal: not a git repository (or any parent up to mount point /)
Stopping at filesystem boundary (GIT_DISCOVERY_ACROSS_FILESYSTEM not set).
2025-07-12 07:41:38.231 [info] > git rev-parse --show-toplevel [24ms]
2025-07-12 07:41:38.237 [info] > git rev-parse --git-dir --git-common-dir [2ms]
2025-07-12 07:41:38.253 [info] [Model][openRepository] Opened repository: /home/f43939714/BULK-DOWNLOADER
2025-07-12 07:41:38.255 [info] [Model][doInitialScan] Initial repository scan completed - repositories (1), closed repositories (0), parent repositories (0), unsafe repositories (0)
2025-07-12 07:41:38.266 [info] > git config --get commit.template [6ms]
2025-07-12 07:41:38.324 [info] > git for-each-ref --format=%(refname)%00%(upstream:short)%00%(objectname)%00%(upstream:track)%00%(upstream:remotename)%00%(upstream:remoteref) refs/heads/main refs/remotes/main [59ms]
2025-07-12 07:41:38.328 [warning] [Git][revParse] Unable to read file: ENOENT: no such file or directory, open '/home/f43939714/BULK-DOWNLOADER/.git/refs/remotes/origin/main'
2025-07-12 07:41:38.330 [info] > git rev-parse refs/remotes/origin/main [1ms]
2025-07-12 07:41:38.423 [info] > git status -z -uall [90ms]
2025-07-12 07:41:38.427 [info] > git for-each-ref --sort -committerdate --format %(refname)%00%(objectname)%00%(*objectname) [89ms]
2025-07-12 07:41:38.518 [info] > git for-each-ref --format=%(refname)%00%(upstream:short)%00%(objectname)%00%(upstream:track)%00%(upstream:remotename)%00%(upstream:remoteref) refs/heads/main refs/remotes/main [16ms]
2025-07-12 07:41:38.969 [info] > git config --get --local branch.main.vscode-merge-base [440ms]
2025-07-12 07:41:38.976 [info] > git config --get commit.template [464ms]
2025-07-12 07:41:39.068 [info] > git check-ignore -v -z --stdin [82ms]
2025-07-12 07:41:39.069 [info] > git for-each-ref --format=%(refname)%00%(upstream:short)%00%(objectname)%00%(upstream:track)%00%(upstream:remotename)%00%(upstream:remoteref) refs/heads/origin/main refs/remotes/origin/main [93ms]
2025-07-12 07:41:39.136 [info] > git for-each-ref --format=%(refname)%00%(upstream:short)%00%(objectname)%00%(upstream:track)%00%(upstream:remotename)%00%(upstream:remoteref) refs/heads/main refs/remotes/main [54ms]
2025-07-12 07:41:39.138 [info] > git merge-base refs/heads/main refs/remotes/origin/main [63ms]
2025-07-12 07:41:39.180 [warning] [Git][revParse] Unable to read file: ENOENT: no such file or directory, open '/home/f43939714/BULK-DOWNLOADER/.git/refs/remotes/origin/main'
2025-07-12 07:41:39.545 [info] > git rev-parse refs/remotes/origin/main [365ms]
2025-07-12 07:41:39.555 [info] > git diff --name-status -z --diff-filter=ADMR 1e3109b2d5be0924fe30c0f1b6d4e2e2e271bef4...refs/remotes/origin/main [401ms]
2025-07-12 07:41:42.222 [info] > git status -z -uall [2672ms]
2025-07-12 07:41:42.223 [info] > git for-each-ref --sort -committerdate --format %(refname)%00%(objectname)%00%(*objectname) [2668ms]
2025-07-12 07:41:42.260 [info] > git rev-parse --show-toplevel [16ms]
2025-07-12 07:41:42.260 [info] fatal: not a git repository (or any parent up to mount point /)
Stopping at filesystem boundary (GIT_DISCOVERY_ACROSS_FILESYSTEM not set).
2025-07-12 08:50:08.214 [info] > git rev-parse --show-toplevel [1ms]
2025-07-12 08:50:08.250 [info] > git rev-parse --git-dir --git-common-dir [2ms]
2025-07-12 08:50:08.262 [info] [Model][openRepository] Opened repository: /home/f43939714/smartdata-ai/DATAGEN
2025-07-12 08:50:08.287 [info] > git config --get commit.template [11ms]
2025-07-12 08:50:08.287 [info] > git rev-parse --show-toplevel [2ms]
2025-07-12 08:50:08.307 [info] > git for-each-ref --format=%(refname)%00%(upstream:short)%00%(objectname)%00%(upstream:track)%00%(upstream:remotename)%00%(upstream:remoteref) refs/heads/main refs/remotes/main [11ms]
2025-07-12 08:50:08.308 [info] > git rev-parse --git-dir --git-common-dir [2ms]
2025-07-12 08:50:08.315 [info] [Model][openRepository] Opened repository: /home/f43939714/DATAGEN
2025-07-12 08:50:08.326 [warning] [Git][revParse] Unable to read file: ENOENT: no such file or directory, open '/home/f43939714/smartdata-ai/DATAGEN/.git/refs/remotes/origin/main'
2025-07-12 08:50:08.337 [info] > git rev-parse refs/remotes/origin/main [12ms]
2025-07-12 08:50:08.366 [info] > git config --get commit.template [30ms]
2025-07-12 08:50:08.379 [info] > git status -z -uall [31ms]
2025-07-12 08:50:08.380 [info] > git for-each-ref --sort -committerdate --format %(refname)%00%(objectname)%00%(*objectname) [18ms]
2025-07-12 08:50:08.415 [info] > git for-each-ref --format=%(refname)%00%(upstream:short)%00%(objectname)%00%(upstream:track)%00%(upstream:remotename)%00%(upstream:remoteref) refs/heads/main refs/remotes/main [16ms]
2025-07-12 08:50:08.425 [info] > git for-each-ref --format=%(refname)%00%(upstream:short)%00%(objectname)%00%(upstream:track)%00%(upstream:remotename)%00%(upstream:remoteref) refs/heads/main refs/remotes/main [48ms]
2025-07-12 08:50:08.426 [info] > git config --get commit.template [14ms]
2025-07-12 08:50:08.435 [warning] [Git][revParse] Unable to read file: ENOENT: no such file or directory, open '/home/f43939714/DATAGEN/.git/refs/remotes/origin/main'
2025-07-12 08:50:08.446 [info] > git config --get --local branch.main.vscode-merge-base [22ms]
2025-07-12 08:50:08.459 [info] > git for-each-ref --format=%(refname)%00%(upstream:short)%00%(objectname)%00%(upstream:track)%00%(upstream:remotename)%00%(upstream:remoteref) refs/heads/main refs/remotes/main [14ms]
2025-07-12 08:50:08.460 [info] > git rev-parse refs/remotes/origin/main [25ms]
2025-07-12 08:50:08.497 [warning] [Git][revParse] Unable to read file: ENOENT: no such file or directory, open '/home/f43939714/smartdata-ai/DATAGEN/.git/refs/remotes/origin/main'
2025-07-12 08:50:08.497 [info] > git status -z -uall [27ms]
2025-07-12 08:50:08.498 [info] > git for-each-ref --format=%(refname)%00%(upstream:short)%00%(objectname)%00%(upstream:track)%00%(upstream:remotename)%00%(upstream:remoteref) refs/heads/origin/main refs/remotes/origin/main [40ms]
2025-07-12 08:50:08.512 [info] > git rev-parse refs/remotes/origin/main [15ms]
2025-07-12 08:50:08.535 [info] > git for-each-ref --sort -committerdate --format %(refname)%00%(objectname)%00%(*objectname) [52ms]
2025-07-12 08:50:08.580 [info] > git status -z -uall [58ms]
2025-07-12 08:50:08.580 [info] > git for-each-ref --format=%(refname)%00%(upstream:short)%00%(objectname)%00%(upstream:track)%00%(upstream:remotename)%00%(upstream:remoteref) refs/heads/main refs/remotes/main [21ms]
2025-07-12 08:50:08.591 [info] > git for-each-ref --sort -committerdate --format %(refname)%00%(objectname)%00%(*objectname) [56ms]
2025-07-12 08:50:08.605 [info] > git merge-base refs/heads/main refs/remotes/origin/main [97ms]
2025-07-12 08:50:08.619 [info] > git merge-base refs/heads/main refs/remotes/origin/main [15ms]
2025-07-12 08:50:08.634 [info] > git config --get --local branch.main.vscode-merge-base [43ms]
2025-07-12 08:50:08.634 [warning] [Git][config] git config failed: Failed to execute git
2025-07-12 08:50:08.649 [info] > git config --get commit.template [70ms]
2025-07-12 08:50:08.651 [info] > git diff --name-status -z --diff-filter=ADMR a196277dc0cd07f623f183f94345a737e924b5af...refs/remotes/origin/main [17ms]
2025-07-12 08:50:08.653 [info] > git diff --name-status -z --diff-filter=ADMR a196277dc0cd07f623f183f94345a737e924b5af...refs/remotes/origin/main [38ms]
2025-07-12 08:50:08.666 [info] > git reflog main --grep-reflog=branch: Created from *. [17ms]
2025-07-12 08:50:08.677 [info] > git for-each-ref --format=%(refname)%00%(upstream:short)%00%(objectname)%00%(upstream:track)%00%(upstream:remotename)%00%(upstream:remoteref) refs/heads/main refs/remotes/main [12ms]
2025-07-12 08:50:08.686 [warning] [Git][revParse] Unable to read file: ENOENT: no such file or directory, open '/home/f43939714/DATAGEN/.git/refs/remotes/origin/main'
2025-07-12 08:50:08.687 [info] > git symbolic-ref --short refs/remotes/origin/HEAD [12ms]
2025-07-12 08:50:08.697 [info] > git rev-parse refs/remotes/origin/main [11ms]
2025-07-12 08:50:08.728 [info] > git for-each-ref --format=%(refname)%00%(upstream:short)%00%(objectname)%00%(upstream:track)%00%(upstream:remotename)%00%(upstream:remoteref) refs/heads/origin/main refs/remotes/origin/main [32ms]
2025-07-12 08:50:08.740 [info] > git status -z -uall [31ms]
2025-07-12 08:50:08.742 [info] > git for-each-ref --sort -committerdate --format %(refname)%00%(objectname)%00%(*objectname) [19ms]
2025-07-12 08:50:08.756 [info] > git config --add --local branch.main.vscode-merge-base origin/main [17ms]
2025-07-12 08:50:08.770 [info] > git for-each-ref --format=%(refname)%00%(upstream:short)%00%(objectname)%00%(upstream:track)%00%(upstream:remotename)%00%(upstream:remoteref) refs/heads/main refs/remotes/main [17ms]
2025-07-12 08:50:08.784 [info] > git config --get commit.template [14ms]
2025-07-12 08:50:08.796 [info] > git config --get --local branch.main.vscode-merge-base [14ms]
2025-07-12 08:50:08.807 [info] > git for-each-ref --format=%(refname)%00%(upstream:short)%00%(objectname)%00%(upstream:track)%00%(upstream:remotename)%00%(upstream:remoteref) refs/heads/main refs/remotes/main [14ms]
2025-07-12 08:50:08.818 [warning] [Git][revParse] Unable to read file: ENOENT: no such file or directory, open '/home/f43939714/DATAGEN/.git/refs/remotes/origin/main'
2025-07-12 08:50:08.819 [info] > git for-each-ref --format=%(refname)%00%(upstream:short)%00%(objectname)%00%(upstream:track)%00%(upstream:remotename)%00%(upstream:remoteref) refs/heads/origin/main refs/remotes/origin/main [13ms]
2025-07-12 08:50:08.831 [info] > git rev-parse refs/remotes/origin/main [13ms]
2025-07-12 08:50:08.858 [info] > git merge-base refs/heads/main refs/remotes/origin/main [29ms]
2025-07-12 08:50:08.872 [info] > git status -z -uall [31ms]
2025-07-12 08:50:08.873 [info] > git for-each-ref --sort -committerdate --format %(refname)%00%(objectname)%00%(*objectname) [17ms]
2025-07-12 08:50:08.900 [info] > git merge-base refs/heads/main refs/remotes/origin/main [12ms]
2025-07-12 08:50:08.910 [info] > git diff --name-status -z --diff-filter=ADMR a196277dc0cd07f623f183f94345a737e924b5af...refs/remotes/origin/main [39ms]
2025-07-12 08:50:08.911 [info] > git merge-base refs/heads/main refs/remotes/origin/main [13ms]
2025-07-12 08:50:08.922 [info] > git diff --name-status -z --diff-filter=ADMR a196277dc0cd07f623f183f94345a737e924b5af...refs/remotes/origin/main [13ms]
2025-07-12 08:50:08.924 [info] > git diff --name-status -z --diff-filter=ADMR a196277dc0cd07f623f183f94345a737e924b5af...refs/remotes/origin/main [3ms]
2025-07-12 08:51:08.222 [info] > git check-ignore -v -z --stdin [14ms]
2025-07-12 08:51:08.223 [info] > git check-ignore -v -z --stdin [5ms]
