2025-06-17 07:32:39.016 [info] [main] Log level: Info
2025-06-17 07:32:39.016 [info] [main] Validating found git in: "git"
2025-06-17 07:32:39.016 [info] [main] Using git "2.43.0" from "git"
2025-06-17 07:32:39.016 [info] [Model][doInitialScan] Initial repository scan started
2025-06-17 07:32:39.016 [info] > git rev-parse --show-toplevel [4ms]
2025-06-17 07:32:39.016 [info] > git rev-parse --git-dir --git-common-dir [2ms]
2025-06-17 07:32:39.016 [info] [Model][openRepository] Opened repository: /home/f43939714/cloudshell_open/python-docs-samples
2025-06-17 07:32:39.016 [info] > git config --get commit.template [7ms]
2025-06-17 07:32:39.016 [info] > git for-each-ref --format=%(refname)%00%(upstream:short)%00%(objectname)%00%(upstream:track)%00%(upstream:remotename)%00%(upstream:remoteref) refs/heads/main refs/remotes/main [5ms]
2025-06-17 07:32:39.016 [warning] [Git][revParse] Unable to read file: ENOENT: no such file or directory, open '/home/f43939714/cloudshell_open/python-docs-samples/.git/refs/remotes/origin/main'
2025-06-17 07:32:39.016 [info] > git rev-parse refs/remotes/origin/main [2ms]
2025-06-17 07:32:39.016 [info] > git for-each-ref --sort -committerdate --format %(refname)%00%(objectname)%00%(*objectname) [15ms]
2025-06-17 07:32:39.028 [info] > git rev-parse --show-toplevel [2ms]
2025-06-17 07:32:39.036 [info] > git rev-parse --show-toplevel [2ms]
2025-06-17 07:32:39.040 [info] > git status -z -uall [57ms]
2025-06-17 07:32:40.849 [info] > git for-each-ref --format=%(refname)%00%(upstream:short)%00%(objectname)%00%(upstream:track)%00%(upstream:remotename)%00%(upstream:remoteref) refs/heads/main refs/remotes/main [1714ms]
2025-06-17 07:32:40.854 [info] > git rev-parse --show-toplevel [1815ms]
2025-06-17 07:32:40.919 [info] > git check-ignore -v -z --stdin [59ms]
2025-06-17 07:32:40.921 [info] > git config --get --local branch.main.vscode-merge-base [68ms]
2025-06-17 07:32:40.921 [warning] [Git][config] git config failed: Failed to execute git
2025-06-17 07:32:40.925 [info] > git config --get commit.template [1781ms]
2025-06-17 07:32:40.926 [info] > git rev-parse --show-toplevel [58ms]
2025-06-17 07:32:40.935 [info] > git reflog main --grep-reflog=branch: Created from *. [11ms]
2025-06-17 07:32:40.940 [info] > git rev-parse --show-toplevel [6ms]
2025-06-17 07:32:40.940 [info] > git for-each-ref --format=%(refname)%00%(upstream:short)%00%(objectname)%00%(upstream:track)%00%(upstream:remotename)%00%(upstream:remoteref) refs/heads/main refs/remotes/main [10ms]
2025-06-17 07:32:40.947 [warning] [Git][revParse] Unable to read file: ENOENT: no such file or directory, open '/home/f43939714/cloudshell_open/python-docs-samples/.git/refs/remotes/origin/main'
2025-06-17 07:32:40.948 [info] > git symbolic-ref --short refs/remotes/origin/HEAD [10ms]
2025-06-17 07:32:40.952 [info] > git rev-parse refs/remotes/origin/main [5ms]
2025-06-17 07:32:40.967 [info] > git rev-parse --show-toplevel [23ms]
2025-06-17 07:32:41.080 [info] > git status -z -uall [125ms]
2025-06-17 07:32:41.081 [info] > git for-each-ref --format=%(refname)%00%(upstream:short)%00%(objectname)%00%(upstream:track)%00%(upstream:remotename)%00%(upstream:remoteref) refs/heads/origin/main refs/remotes/origin/main [130ms]
2025-06-17 07:32:41.099 [info] > git config --add --local branch.main.vscode-merge-base origin/main [15ms]
2025-06-17 07:32:41.101 [info] > git for-each-ref --sort -committerdate --format %(refname)%00%(objectname)%00%(*objectname) [134ms] (cancelled)
2025-06-17 07:32:41.135 [info] > git for-each-ref --format=%(refname)%00%(upstream:short)%00%(objectname)%00%(upstream:track)%00%(upstream:remotename)%00%(upstream:remoteref) refs/heads/main refs/remotes/main [10ms]
2025-06-17 07:32:41.139 [info] > git rev-parse --show-toplevel [43ms]
2025-06-17 07:32:41.144 [info] > git config --get commit.template [12ms]
2025-06-17 07:32:43.895 [info] > git config --get --local branch.main.vscode-merge-base [2756ms]
2025-06-17 07:32:44.165 [info] > git check-ignore -v -z --stdin [255ms]
2025-06-17 07:32:44.166 [info] > git for-each-ref --format=%(refname)%00%(upstream:short)%00%(objectname)%00%(upstream:track)%00%(upstream:remotename)%00%(upstream:remoteref) refs/heads/origin/main refs/remotes/origin/main [265ms]
2025-06-17 07:32:44.175 [info] > git rev-parse --show-toplevel [3028ms]
2025-06-17 07:32:44.446 [info] > git for-each-ref --format=%(refname)%00%(upstream:short)%00%(objectname)%00%(upstream:track)%00%(upstream:remotename)%00%(upstream:remoteref) refs/heads/main refs/remotes/main [523ms]
2025-06-17 07:32:44.483 [info] > git rev-parse --show-toplevel [246ms]
2025-06-17 07:32:44.484 [info] > git merge-base refs/heads/main refs/remotes/origin/main [310ms]
2025-06-17 07:32:44.517 [warning] [Git][revParse] Unable to read file: ENOENT: no such file or directory, open '/home/f43939714/cloudshell_open/python-docs-samples/.git/refs/remotes/origin/main'
2025-06-17 07:32:44.675 [info] > git diff --name-status -z --diff-filter=ADMR 242fb368bd1be03b094359e80bf3545ad36a0568...refs/remotes/origin/main [181ms]
2025-06-17 07:32:44.680 [info] > git rev-parse --show-toplevel [6ms]
2025-06-17 07:32:44.680 [info] > git rev-parse refs/remotes/origin/main [163ms]
2025-06-17 07:32:44.726 [info] > git for-each-ref --sort -committerdate --format %(refname)%00%(objectname)%00%(*objectname) [27ms]
2025-06-17 07:32:44.737 [info] > git rev-parse --show-toplevel [16ms]
2025-06-17 07:32:44.798 [info] > git status -z -uall [112ms]
2025-06-17 07:32:44.864 [info] > git rev-parse --show-toplevel [115ms]
2025-06-17 07:32:44.877 [info] > git rev-parse --show-toplevel [4ms]
2025-06-17 07:32:45.025 [info] > git rev-parse --show-toplevel [66ms]
2025-06-17 07:32:45.089 [info] > git rev-parse --show-toplevel [35ms]
2025-06-17 07:32:45.143 [info] > git rev-parse --show-toplevel [39ms]
2025-06-17 07:32:45.207 [info] > git rev-parse --show-toplevel [12ms]
2025-06-17 07:32:45.231 [info] > git rev-parse --show-toplevel [6ms]
2025-06-17 07:32:45.266 [info] > git rev-parse --show-toplevel [9ms]
2025-06-17 07:32:45.325 [info] > git rev-parse --show-toplevel [12ms]
2025-06-17 07:32:45.384 [info] > git rev-parse --show-toplevel [36ms]
2025-06-17 07:32:45.403 [info] > git rev-parse --show-toplevel [4ms]
2025-06-17 07:32:45.460 [info] > git rev-parse --show-toplevel [39ms]
2025-06-17 07:32:45.485 [info] > git rev-parse --show-toplevel [7ms]
2025-06-17 07:32:45.523 [info] > git rev-parse --show-toplevel [9ms]
2025-06-17 07:32:45.557 [info] > git rev-parse --show-toplevel [10ms]
2025-06-17 07:32:45.578 [info] > git rev-parse --show-toplevel [4ms]
2025-06-17 07:32:45.600 [info] > git rev-parse --show-toplevel [6ms]
2025-06-17 07:32:45.621 [info] > git rev-parse --show-toplevel [9ms]
2025-06-17 07:32:45.641 [info] > git rev-parse --show-toplevel [4ms]
2025-06-17 07:32:45.671 [info] > git rev-parse --show-toplevel [7ms]
2025-06-17 07:32:45.697 [info] > git rev-parse --show-toplevel [7ms]
2025-06-17 07:32:45.724 [info] > git rev-parse --show-toplevel [9ms]
2025-06-17 07:32:45.771 [info] > git rev-parse --show-toplevel [26ms]
2025-06-17 07:32:45.812 [info] > git rev-parse --show-toplevel [14ms]
2025-06-17 07:32:45.845 [info] > git rev-parse --show-toplevel [9ms]
2025-06-17 07:32:45.881 [info] > git rev-parse --show-toplevel [5ms]
2025-06-17 07:32:45.908 [info] > git rev-parse --show-toplevel [3ms]
2025-06-17 07:32:45.946 [info] > git rev-parse --show-toplevel [7ms]
2025-06-17 07:32:45.972 [info] > git rev-parse --show-toplevel [2ms]
2025-06-17 07:32:45.993 [info] > git rev-parse --show-toplevel [10ms]
2025-06-17 07:32:46.010 [info] > git rev-parse --show-toplevel [5ms]
2025-06-17 07:32:46.026 [info] > git rev-parse --show-toplevel [5ms]
2025-06-17 07:32:46.048 [info] > git rev-parse --show-toplevel [10ms]
2025-06-17 07:32:46.080 [info] > git rev-parse --show-toplevel [5ms]
2025-06-17 07:32:46.096 [info] > git rev-parse --show-toplevel [4ms]
2025-06-17 07:32:46.111 [info] > git rev-parse --show-toplevel [1ms]
2025-06-17 07:32:46.128 [info] > git rev-parse --show-toplevel [4ms]
2025-06-17 07:32:46.149 [info] > git rev-parse --show-toplevel [8ms]
2025-06-17 07:32:46.169 [info] > git rev-parse --show-toplevel [8ms]
2025-06-17 07:32:46.185 [info] > git rev-parse --show-toplevel [2ms]
2025-06-17 07:32:46.201 [info] > git rev-parse --show-toplevel [5ms]
2025-06-17 07:32:46.219 [info] > git rev-parse --show-toplevel [4ms]
2025-06-17 07:32:46.246 [info] > git rev-parse --show-toplevel [7ms]
2025-06-17 07:32:46.262 [info] > git rev-parse --show-toplevel [4ms]
2025-06-17 07:32:46.280 [info] > git rev-parse --show-toplevel [6ms]
2025-06-17 07:32:46.303 [info] > git rev-parse --show-toplevel [4ms]
2025-06-17 07:32:46.335 [info] > git rev-parse --show-toplevel [4ms]
2025-06-17 07:32:47.033 [info] > git rev-parse --show-toplevel [663ms]
2025-06-17 07:32:47.060 [info] > git rev-parse --show-toplevel [6ms]
2025-06-17 07:32:47.075 [info] > git rev-parse --show-toplevel [3ms]
2025-06-17 07:32:47.091 [info] > git rev-parse --show-toplevel [3ms]
2025-06-17 07:32:47.107 [info] > git rev-parse --show-toplevel [3ms]
2025-06-17 07:32:47.129 [info] > git rev-parse --show-toplevel [7ms]
2025-06-17 07:32:47.151 [info] > git rev-parse --show-toplevel [4ms]
2025-06-17 07:32:47.169 [info] > git rev-parse --show-toplevel [3ms]
2025-06-17 07:32:47.185 [info] > git rev-parse --show-toplevel [4ms]
2025-06-17 07:32:47.208 [info] > git rev-parse --show-toplevel [9ms]
2025-06-17 07:32:47.227 [info] > git rev-parse --show-toplevel [2ms]
2025-06-17 07:32:47.246 [info] > git rev-parse --show-toplevel [1ms]
2025-06-17 07:32:47.263 [info] > git rev-parse --show-toplevel [3ms]
2025-06-17 07:32:47.282 [info] > git rev-parse --show-toplevel [5ms]
2025-06-17 07:32:47.300 [info] > git rev-parse --show-toplevel [2ms]
2025-06-17 07:32:47.320 [info] > git rev-parse --show-toplevel [8ms]
2025-06-17 07:32:47.337 [info] > git rev-parse --show-toplevel [4ms]
2025-06-17 07:32:47.361 [info] > git rev-parse --show-toplevel [3ms]
2025-06-17 07:32:47.386 [info] > git rev-parse --show-toplevel [1ms]
2025-06-17 07:32:47.404 [info] > git rev-parse --show-toplevel [1ms]
2025-06-17 07:32:47.422 [info] > git rev-parse --show-toplevel [2ms]
2025-06-17 07:32:47.437 [info] > git rev-parse --show-toplevel [0ms]
2025-06-17 07:32:47.457 [info] > git rev-parse --show-toplevel [6ms]
2025-06-17 07:32:47.476 [info] > git rev-parse --show-toplevel [4ms]
2025-06-17 07:32:47.496 [info] > git rev-parse --show-toplevel [2ms]
2025-06-17 07:32:47.519 [info] > git rev-parse --show-toplevel [0ms]
2025-06-17 07:32:47.683 [info] > git rev-parse --show-toplevel [150ms]
2025-06-17 07:32:47.717 [info] > git rev-parse --show-toplevel [17ms]
2025-06-17 07:32:47.756 [info] > git rev-parse --show-toplevel [27ms]
2025-06-17 07:32:47.778 [info] > git rev-parse --show-toplevel [9ms]
2025-06-17 07:32:47.802 [info] > git rev-parse --show-toplevel [6ms]
2025-06-17 07:32:47.820 [info] > git rev-parse --show-toplevel [4ms]
2025-06-17 07:32:47.834 [info] > git rev-parse --show-toplevel [1ms]
2025-06-17 07:32:47.855 [info] > git rev-parse --show-toplevel [5ms]
2025-06-17 07:32:47.873 [info] > git rev-parse --show-toplevel [3ms]
2025-06-17 07:32:47.899 [info] > git rev-parse --show-toplevel [8ms]
2025-06-17 07:32:48.119 [info] > git rev-parse --show-toplevel [63ms]
2025-06-17 07:32:48.211 [info] > git check-ignore -v -z --stdin [11ms]
2025-06-17 07:32:48.212 [info] > git rev-parse --show-toplevel [32ms]
2025-06-17 07:32:48.235 [info] > git rev-parse --show-toplevel [5ms]
2025-06-17 07:32:48.263 [info] > git rev-parse --show-toplevel [9ms]
2025-06-17 07:32:48.306 [info] > git rev-parse --show-toplevel [11ms]
2025-06-17 07:32:48.334 [info] > git rev-parse --show-toplevel [7ms]
2025-06-17 07:32:48.361 [info] > git rev-parse --show-toplevel [13ms]
2025-06-17 07:32:48.389 [info] > git rev-parse --show-toplevel [4ms]
2025-06-17 07:32:48.390 [info] [Model][doInitialScan] Initial repository scan completed - repositories (1), closed repositories (0), parent repositories (0), unsafe repositories (0)
2025-06-17 07:32:48.425 [info] > git show --textconv :videointelligence/samples/analyze/analyze.py [22ms]
2025-06-17 07:32:48.433 [info] > git ls-files --stage -- videointelligence/samples/analyze/analyze.py [12ms]
2025-06-17 07:32:48.456 [info] > git cat-file -s f7189d09842b8bbeb964c0094ca890d1b51ac456 [7ms]
2025-06-17 07:32:51.889 [info] > git check-ignore -v -z --stdin [83ms]
2025-06-17 07:32:56.649 [info] > git check-ignore -v -z --stdin [28ms]
2025-06-17 07:32:59.579 [info] > git check-ignore -v -z --stdin [17ms]
2025-06-17 07:33:07.693 [info] > git check-ignore -v -z --stdin [4ms]
2025-06-17 07:33:47.243 [info] > git show --textconv :videointelligence/samples/analyze/requirements-test.txt [9ms]
2025-06-17 07:33:47.246 [info] > git ls-files --stage -- videointelligence/samples/analyze/requirements-test.txt [4ms]
2025-06-17 07:33:47.255 [info] > git cat-file -s 632e5ad15a8df466dfe3319abe5d81322e5a605d [2ms]
2025-06-17 07:33:48.785 [info] > git show --textconv :videointelligence/samples/analyze/requirements.txt [9ms]
2025-06-17 07:33:48.788 [info] > git ls-files --stage -- videointelligence/samples/analyze/requirements.txt [5ms]
2025-06-17 07:33:48.796 [info] > git cat-file -s da7be0398148d4fe9ef558eef8f9621c55fc4419 [2ms]
2025-06-17 07:33:50.864 [info] > git show --textconv :videointelligence/samples/analyze/video_detect_faces_gcs_test.py [9ms]
2025-06-17 07:33:50.867 [info] > git ls-files --stage -- videointelligence/samples/analyze/video_detect_faces_gcs_test.py [4ms]
2025-06-17 07:33:50.876 [info] > git cat-file -s 341073c9c42cb03e446c3874744840e5fd542715 [2ms]
2025-06-17 07:33:56.970 [info] > git check-ignore -v -z --stdin [4ms]
2025-06-17 07:33:58.366 [info] > git show --textconv :videointelligence/samples/quickstart/quickstart_test.py [12ms]
2025-06-17 07:33:58.369 [info] > git ls-files --stage -- videointelligence/samples/quickstart/quickstart_test.py [4ms]
2025-06-17 07:33:58.381 [info] > git cat-file -s 53554f885a12c46d8d9919f2df88926a5d8c4f4e [2ms]
2025-06-17 07:34:04.500 [info] > git show --textconv :videointelligence/samples/quickstart/quickstart.py [9ms]
2025-06-17 07:34:04.502 [info] > git ls-files --stage -- videointelligence/samples/quickstart/quickstart.py [3ms]
2025-06-17 07:34:04.510 [info] > git cat-file -s 6bf023d33707cd38b666ba80035314cfdceb1c91 [2ms]
2025-06-17 07:34:29.514 [info] > git show --textconv :videointelligence/samples/quickstart/quickstart_test.py [9ms]
2025-06-17 07:34:29.517 [info] > git ls-files --stage -- videointelligence/samples/quickstart/quickstart_test.py [4ms]
2025-06-17 07:34:29.527 [info] > git cat-file -s 53554f885a12c46d8d9919f2df88926a5d8c4f4e [2ms]
2025-06-17 07:34:32.379 [info] > git config --get commit.template [3ms]
2025-06-17 07:34:32.388 [info] > git for-each-ref --format=%(refname)%00%(upstream:short)%00%(objectname)%00%(upstream:track)%00%(upstream:remotename)%00%(upstream:remoteref) refs/heads/main refs/remotes/main [2ms]
2025-06-17 07:34:32.395 [warning] [Git][revParse] Unable to read file: ENOENT: no such file or directory, open '/home/f43939714/cloudshell_open/python-docs-samples/.git/refs/remotes/origin/main'
2025-06-17 07:34:32.396 [info] > git rev-parse refs/remotes/origin/main [2ms]
2025-06-17 07:34:32.426 [info] > git for-each-ref --sort -committerdate --format %(refname)%00%(objectname)%00%(*objectname) [9ms]
2025-06-17 07:34:32.447 [info] > git status -z -uall [44ms]
2025-06-17 07:34:33.187 [info] > git check-ignore -v -z --stdin [4ms]
2025-06-17 07:35:11.673 [info] > git show --textconv :videointelligence/samples/analyze/video_detect_person_test.py [18ms]
2025-06-17 07:35:11.676 [info] > git ls-files --stage -- videointelligence/samples/analyze/video_detect_person_test.py [7ms]
2025-06-17 07:35:11.696 [info] > git cat-file -s fcf7eb79a0b8a911d249088cee15ca56796a10fe [4ms]
2025-06-17 07:35:37.653 [info] > git show --textconv :owlbot.py [24ms]
2025-06-17 07:35:37.657 [info] > git ls-files --stage -- owlbot.py [13ms]
2025-06-17 07:35:37.672 [info] > git cat-file -s 9e526e4ee2123d428d0586a0898a9ac67ca8ec04 [5ms]
2025-06-17 07:35:48.631 [info] > git check-ignore -v -z --stdin [11ms]
2025-06-17 07:36:12.110 [info] > git show --textconv :README.md [55ms]
2025-06-17 07:36:12.110 [info] > git ls-files --stage -- README.md [41ms]
2025-06-17 07:36:12.136 [info] > git cat-file -s e699be6032ec6b8e9cc4e43cdd44885bacbca761 [7ms]
2025-06-17 07:36:15.120 [info] > git blame --root --incremental 242fb368bd1be03b094359e80bf3545ad36a0568 -- README.md [545ms]
2025-06-17 07:38:22.505 [info] > git config --get commit.template [34ms]
2025-06-17 07:38:22.509 [info] > git for-each-ref --format=%(refname)%00%(upstream:short)%00%(objectname)%00%(upstream:track)%00%(upstream:remotename)%00%(upstream:remoteref) refs/heads/main refs/remotes/main [11ms]
2025-06-17 07:38:22.534 [warning] [Git][revParse] Unable to read file: ENOENT: no such file or directory, open '/home/f43939714/cloudshell_open/python-docs-samples/.git/refs/remotes/origin/main'
2025-06-17 07:38:22.539 [info] > git rev-parse refs/remotes/origin/main [5ms]
2025-06-17 07:38:22.631 [info] > git for-each-ref --sort -committerdate --format %(refname)%00%(objectname)%00%(*objectname) [25ms]
2025-06-17 07:38:22.692 [info] > git status -z -uall [123ms]
2025-06-17 07:38:40.752 [info] > git config --get commit.template [18ms]
2025-06-17 07:38:40.758 [info] > git for-each-ref --format=%(refname)%00%(upstream:short)%00%(objectname)%00%(upstream:track)%00%(upstream:remotename)%00%(upstream:remoteref) refs/heads/main refs/remotes/main [7ms]
2025-06-17 07:38:40.778 [warning] [Git][revParse] Unable to read file: ENOENT: no such file or directory, open '/home/f43939714/cloudshell_open/python-docs-samples/.git/refs/remotes/origin/main'
2025-06-17 07:38:40.780 [info] > git rev-parse refs/remotes/origin/main [2ms]
2025-06-17 07:38:40.863 [info] > git for-each-ref --sort -committerdate --format %(refname)%00%(objectname)%00%(*objectname) [17ms]
2025-06-17 07:38:40.897 [info] > git status -z -uall [98ms]
2025-06-17 07:43:54.191 [info] > git check-ignore -v -z --stdin [7ms]
2025-06-17 07:44:02.151 [info] > git show --textconv :workflows/cloud-client/main.py [10ms]
2025-06-17 07:44:02.153 [info] > git ls-files --stage -- workflows/cloud-client/main.py [4ms]
2025-06-17 07:44:02.162 [info] > git cat-file -s 4300df16d30281ccb33fbd7ad5590a10252db206 [2ms]
2025-06-17 07:44:05.890 [info] > git blame --root --incremental 242fb368bd1be03b094359e80bf3545ad36a0568 -- workflows/cloud-client/main.py [559ms]
