Initializing document watcher...
Document watcher initialized
f43939714/a.py: {}
f43939714/a.py: Using EditorConfig core...
f43939714/a.py: {}
f43939714/a.py: {}
f43939714/a.py: Using EditorConfig core...
f43939714/a.py: Using EditorConfig core...
f43939714/a.py: Using EditorConfig core...
f43939714/a.py: Using EditorConfig core...
f43939714/a.py: Using EditorConfig core...
f43939714/a.py: Using EditorConfig core...
f43939714/a.py: Using EditorConfig core...
f43939714/a.py: {}
f43939714/a.py: Using EditorConfig core...
f43939714/a.py: {}
f43939714/a.py: Using EditorConfig core...
f43939714/a.py: Using EditorConfig core...
f43939714/a.py: {}
f43939714/a.py: Using EditorConfig core...
f43939714/a.py: Using EditorConfig core...
f43939714/a.py: Using EditorConfig core...
f43939714/a.py: Using EditorConfig core...
f43939714/a.py: {}
f43939714/a.py: Using EditorConfig core...
f43939714/a.py: {}
f43939714/a.py: {}
f43939714/code dis.ttx: {}
f43939714/code dis.ttx: {}
f43939714/code dis.ttx: {}
f43939714/code dis.ttx: {}
f43939714/trytr.ttx: {}
f43939714/trytr.ttx: {}
f43939714/trytr.ttx: {}
f43939714/trytr.ttx: {}
f43939714/trytr.ttx: {}
f43939714/DIS LIST  - Data.csv: {}
f43939714/DIS LIST  - Data.csv: {}
f43939714/a.py: {}
f43939714/a.py: {}
f43939714/a.py: {}
f43939714/DIS LIST  - Data.csv: {}
f43939714/DIS LIST  - Data.csv: {}
f43939714/DIS LIST  - Data.csv: {}
