2025-07-12 07:43:55.511 [warning] Dir "/home/f43939714/.pixi/envs" is not watchable (directory does not exist)
2025-07-12 07:43:55.511 [info] Starting Environment refresh
2025-07-12 07:43:55.511 [info] Searching for interpreters in posix paths locator
2025-07-12 07:43:55.511 [info] Searching for pyenv environments
2025-07-12 07:43:55.511 [info] Searching for conda environments
2025-07-12 07:43:55.511 [info] Searching for global virtual environments
2025-07-12 07:43:55.511 [info] Searching for custom virtual environments
2025-07-12 07:43:55.511 [info] pyenv is not installed
2025-07-12 07:43:55.511 [info] Finished searching for pyenv environments: 18 milliseconds
2025-07-12 07:43:55.511 [info] Finished searching for custom virtual envs: 17 milliseconds
2025-07-12 07:43:55.511 [info] > conda info --json
2025-07-12 07:43:55.511 [info] > hatch env show --json
2025-07-12 07:43:55.511 [info] cwd: .
2025-07-12 07:43:55.511 [info] > pyenv which python
2025-07-12 07:43:55.511 [info] cwd: .
2025-07-12 07:43:55.511 [info] Finished searching for global virtual envs: 48 milliseconds
2025-07-12 07:43:55.512 [info] Found: /bin/python --> /bin/python3.12
2025-07-12 07:43:55.513 [info] Found: /bin/python3 --> /bin/python3.12
2025-07-12 07:43:55.514 [info] Found: /bin/python3.12 --> /bin/python3.12
2025-07-12 07:43:55.530 [info] Found: /usr/bin/python --> /usr/bin/python3.12
2025-07-12 07:43:55.530 [info] Found: /usr/bin/python3 --> /usr/bin/python3.12
2025-07-12 07:43:55.531 [info] Found: /usr/bin/python3.12 --> /usr/bin/python3.12
2025-07-12 07:43:55.565 [info] Finished searching for interpreters in posix paths locator: 120 milliseconds
2025-07-12 07:43:55.565 [info] > /bin/python -I /google/devshell/editor/code-oss-for-cloud-shell/extensions/ms-python.python/python_files/get_output_via_markers.py /google/devshell/editor/code-oss-for-cloud-shell/extensions/ms-python.python/python_files/interpreterInfo.py
2025-07-12 07:43:55.584 [info] > /usr/bin/python -I /google/devshell/editor/code-oss-for-cloud-shell/extensions/ms-python.python/python_files/get_output_via_markers.py /google/devshell/editor/code-oss-for-cloud-shell/extensions/ms-python.python/python_files/interpreterInfo.py
2025-07-12 07:43:55.584 [info] Environments refresh paths discovered (event): 146 milliseconds
2025-07-12 07:43:55.584 [info] Environments refresh paths discovered: 147 milliseconds
2025-07-12 07:43:55.657 [info] Environments refresh finished (event): 220 milliseconds
2025-07-12 07:43:55.668 [info] Environment refresh took 231 milliseconds
2025-07-12 07:43:55.674 [info] Python interpreter path: /bin/python
2025-07-12 07:43:57.345 [info] Discover tests for workspace name: f43939714 - uri: /home/f43939714/a.py
2025-07-12 07:43:58.693 [info] Starting Jedi language server for f43939714.
2025-07-12 07:53:05.903 [info] Discover tests for workspace name: f43939714 - uri: /home/f43939714/a.py
2025-07-12 07:53:08.252 [info] Discover tests for workspace name: f43939714 - uri: /home/f43939714/a.py
2025-07-12 07:53:11.586 [info] Discover tests for workspace name: f43939714 - uri: /home/f43939714/a.py
2025-07-12 07:53:14.022 [info] Discover tests for workspace name: f43939714 - uri: /home/f43939714/a.py
2025-07-12 07:53:20.140 [info] Discover tests for workspace name: f43939714 - uri: /home/f43939714/a.py
2025-07-12 07:53:25.691 [info] Discover tests for workspace name: f43939714 - uri: /home/f43939714/a.py
2025-07-12 07:53:26.449 [info] Discover tests for workspace name: f43939714 - uri: /home/f43939714/a.py
2025-07-12 07:57:52.654 [info] Discover tests for workspace name: f43939714 - uri: /home/f43939714/a.py
2025-07-12 07:59:18.530 [info] Discover tests for workspace name: f43939714 - uri: /home/f43939714/a.py
2025-07-12 07:59:21.914 [info] Discover tests for workspace name: f43939714 - uri: /home/f43939714/a.py
2025-07-12 07:59:53.904 [info] Discover tests for workspace name: f43939714 - uri: /home/f43939714/a.py
2025-07-12 07:59:59.710 [info] Discover tests for workspace name: f43939714 - uri: /home/f43939714/a.py
2025-07-12 08:00:02.935 [info] Discover tests for workspace name: f43939714 - uri: /home/f43939714/a.py
2025-07-12 08:00:04.285 [info] Discover tests for workspace name: f43939714 - uri: /home/f43939714/a.py
2025-07-12 08:02:02.913 [info] Discover tests for workspace name: f43939714 - uri: /home/f43939714/a.py
2025-07-12 08:05:36.795 [info] Discover tests for workspace name: f43939714 - uri: /home/f43939714/.local/lib/python3.12/site-packages/pandas/pyproject.toml
