Initializing document watcher...
Document watcher initialized
f43939714/BULK-DOWNLOADER/xp2.sh: {}
f43939714/yt5.sh: {}
f43939714/yt5.sh: {}
f43939714/yt5.sh: {}
f43939714/yt5.sh: {}
f43939714/yt5.sh: {}
f43939714/yt5.sh: {}
f43939714/yt5.sh: {}
f43939714/yt5.sh: {}
f43939714/yt511.sh: {}
f43939714/yt5.sh: {}
f43939714/yt5.sh: Using EditorConfig core...
f43939714/yt5.sh: {}
f43939714/yt5.sh: {}
f43939714/yt5.sh: {}
f43939714/yt5.sh: {}
f43939714/yt5.sh: {}
f43939714/nx7.sh: {}
f43939714/nx7.sh: Using EditorConfig core...
f43939714/nx7.sh: Using EditorConfig core...
f43939714/nx7.sh: Using EditorConfig core...
f43939714/nx7.sh: Using EditorConfig core...
f43939714/nx7.sh: Using EditorConfig core...
f43939714/nx7.sh: {}
f43939714/@_shorts.txt: {}
f43939714/nx7.sh: {}
f43939714/nx1.sh: {}
f43939714/tl.sh: {}
f43939714/tl.sh: Using EditorConfig core...
f43939714/tl.sh: {}
f43939714/yt5.sh: {}
f43939714/yt5.sh: {}
f43939714/yt5.sh: {}
f43939714/tl.sh: {}
f43939714/tl.sh: Using EditorConfig core...
f43939714/tl.sh: Using EditorConfig core...
f43939714/tl.sh: {}
f43939714/tl.sh: Using EditorConfig core...
f43939714/tl.sh: Using EditorConfig core...
f43939714/tl.sh: {}
f43939714/tl.sh: Using EditorConfig core...
f43939714/tl.sh: Using EditorConfig core...
f43939714/tl.sh: {}
f43939714/yt5.sh: {}
f43939714/yt511.sh: {}
f43939714/yt511.sh: {}
f43939714/nx1.sh: {}
f43939714/tl.sh: {}
f43939714/tl.sh: {}
f43939714/tl.sh: {}
f43939714/tl.sh: Using EditorConfig core...
f43939714/tl.sh: {}
f43939714/yt511.sh: {}
f43939714/yt511.sh: {}
f43939714/yt511.sh: {}
f43939714/tl.sh: {}
f43939714/tl.sh: Using EditorConfig core...
f43939714/tl.sh: {}
f43939714/yt511.sh: {}
f43939714/yt511.sh: {}
f43939714/yt511.sh: {}
f43939714/tl.sh: {}
f43939714/yt5.sh: {}
f43939714/BULK-DOWNLOADER/xp2.sh: {}
f43939714/BULK-DOWNLOADER/xp.sh: {}
f43939714/tl.sh: {}
f43939714/tl.sh: Using EditorConfig core...
f43939714/tl.sh: {}
f43939714/nx1.sh: {}
f43939714/tl.sh: {}
f43939714/tl.sh: Using EditorConfig core...
f43939714/tl.sh: Using EditorConfig core...
f43939714/tl.sh: Using EditorConfig core...
f43939714/tl.sh: {}
f43939714/yt511.sh: {}
f43939714/nx1.sh: {}
f43939714/tl.sh: {}
f43939714/tl.sh: Using EditorConfig core...
f43939714/tl.sh: {}
f43939714/yt511.sh: {}
f43939714/yt511.sh: {}
f43939714/yt511.sh: {}
f43939714/yt511.sh: {}
f43939714/tl.sh: {}
f43939714/tl.sh: Using EditorConfig core...
f43939714/tl.sh: Using EditorConfig core...
f43939714/tl.sh: Using EditorConfig core...
f43939714/tl.sh: {}
f43939714/tl.sh: Using EditorConfig core...
f43939714/tl.sh: {}
f43939714/yt511.sh: {}
f43939714/tl.sh: {}
f43939714/tl.sh: Using EditorConfig core...
f43939714/tl.sh: Using EditorConfig core...
f43939714/tl.sh: {}
f43939714/yt5.sh: {}
f43939714/yt511.sh: {}
f43939714/yt511.sh: {}
f43939714/tl.sh: {}
f43939714/tl.sh: Using EditorConfig core...
f43939714/tl.sh: {}
vscode.git.Git: {}
f43939714/tl.sh: {}
/home/f43939714/BULK-DOWNLOADER/urls.txt: {}
/home/f43939714/BULK-DOWNLOADER/urls.txt: {}
f43939714/BULK-DOWNLOADER/p.sh: {}
f43939714/BULK-DOWNLOADER/pd2.sh: {}
f43939714/tl.sh: {}
f43939714/tl.sh: Using EditorConfig core...
f43939714/tl.sh: {}
f43939714/BULK-DOWNLOADER/x3.sh: {}
f43939714/tl.sh: {}
f43939714/tl.sh: Using EditorConfig core...
f43939714/tl.sh: {}
f43939714/tl.sh: {}
f43939714/yt5.sh: {}
f43939714/yt005.sh: {}
f43939714/yt005.sh: {}
f43939714/yt5.sh: {}
f43939714/yt5.sh: {}
f43939714/yt5.sh: {}
f43939714/tl.sh: {}
f43939714/tl.sh: Using EditorConfig core...
f43939714/tl.sh: {}
f43939714/tl.sh: Using EditorConfig core...
