Initializing document watcher...
Document watcher initialized
f43939714/BULK-DOWNLOADER/X.: {}
f43939714/BULK-DOWNLOADER/X.sh: {}
f43939714/BULK-DOWNLOADER/X.sh: Using EditorConfig core...
f43939714/BULK-DOWNLOADER/X.sh: Using EditorConfig core...
f43939714/BULK-DOWNLOADER/X.sh: {}
f43939714/BULK-DOWNLOADER/X.sh: Using EditorConfig core...
No more open editors.
f43939714/BULK-DOWNLOADER/x.sh: {}
f43939714/BULK-DOWNLOADER/x.sh: {}
f43939714/BULK-DOWNLOADER/x.sh: {}
f43939714/BULK-DOWNLOADER/x.sh: {}
f43939714/BULK-DOWNLOADER/x.sh: {}
f43939714/BULK-DOWNLOADER/x.sh: Using EditorConfig core...
f43939714/BULK-DOWNLOADER/x.sh: Using EditorConfig core...
f43939714/BULK-DOWNLOADER/x.sh: {}
f43939714/BULK-DOWNLOADER/x.sh: {}
f43939714/BULK-DOWNLOADER/x.sh: {}
f43939714/BULK-DOWNLOADER/x.sh: Using EditorConfig core...
f43939714/BULK-DOWNLOADER/x.sh: {}
f43939714/BULK-DOWNLOADER/x.sh: Using EditorConfig core...
f43939714/BULK-DOWNLOADER/x.sh: {}
f43939714/BULK-DOWNLOADER/x.sh: Using EditorConfig core...
f43939714/BULK-DOWNLOADER/x.sh: {}
f43939714/BULK-DOWNLOADER/x.sh: Using EditorConfig core...
f43939714/BULK-DOWNLOADER/x.sh: {}
f43939714/BULK-DOWNLOADER/x.sh: Using EditorConfig core...
f43939714/BULK-DOWNLOADER/x.sh: {}
f43939714/BULK-DOWNLOADER/x.sh: Using EditorConfig core...
f43939714/BULK-DOWNLOADER/x2.sh: {}
f43939714/BULK-DOWNLOADER/x2.sh: Using EditorConfig core...
f43939714/BULK-DOWNLOADER/x2.sh: Using EditorConfig core...
f43939714/BULK-DOWNLOADER/x2.sh: {}
f43939714/BULK-DOWNLOADER/x2.sh: {}
f43939714/BULK-DOWNLOADER/x2.sh: Using EditorConfig core...
f43939714/BULK-DOWNLOADER/x2.sh: {}
f43939714/BULK-DOWNLOADER/x.sh: {}
f43939714/BULK-DOWNLOADER/x.sh: {}
f43939714/BULK-DOWNLOADER/x2.sh: {}
f43939714/BULK-DOWNLOADER/x2.sh: Using EditorConfig core...
f43939714/BULK-DOWNLOADER/x2.sh: Using EditorConfig core...
f43939714/BULK-DOWNLOADER/x2.sh: {}
f43939714/BULK-DOWNLOADER/shorts.txt: {}
f43939714/BULK-DOWNLOADER/x2.sh: {}
f43939714/BULK-DOWNLOADER/x2.sh: {}
f43939714/BULK-DOWNLOADER/x2.sh: Using EditorConfig core...
f43939714/BULK-DOWNLOADER/x2.sh: {}
f43939714/BULK-DOWNLOADER/x2.sh: Using EditorConfig core...
f43939714/BULK-DOWNLOADER/x2.sh: Using EditorConfig core...
