2025-06-17 07:36:26.368 [info] [main] Log level: Info
2025-06-17 07:36:26.368 [info] [main] Validating found git in: "git"
2025-06-17 07:36:26.368 [info] [main] Using git "2.43.0" from "git"
2025-06-17 07:36:26.368 [info] [Model][doInitialScan] Initial repository scan started
2025-06-17 07:36:26.368 [info] > git rev-parse --show-toplevel [5ms]
2025-06-17 07:36:26.368 [info] > git rev-parse --git-dir --git-common-dir [3ms]
2025-06-17 07:36:26.368 [info] [Model][openRepository] Opened repository: /home/f43939714/cloudshell_open/python-docs-samples
2025-06-17 07:36:26.368 [info] > git config --get commit.template [8ms]
2025-06-17 07:36:26.368 [info] > git for-each-ref --format=%(refname)%00%(upstream:short)%00%(objectname)%00%(upstream:track)%00%(upstream:remotename)%00%(upstream:remoteref) refs/heads/main refs/remotes/main [5ms]
2025-06-17 07:36:26.368 [warning] [Git][revParse] Unable to read file: ENOENT: no such file or directory, open '/home/f43939714/cloudshell_open/python-docs-samples/.git/refs/remotes/origin/main'
2025-06-17 07:36:26.368 [info] > git rev-parse refs/remotes/origin/main [1ms]
2025-06-17 07:36:26.368 [info] > git for-each-ref --sort -committerdate --format %(refname)%00%(objectname)%00%(*objectname) [12ms]
2025-06-17 07:36:26.368 [info] > git rev-parse --show-toplevel [3ms]
2025-06-17 07:36:26.368 [info] > git status -z -uall [56ms]
2025-06-17 07:36:26.368 [info] > git for-each-ref --format=%(refname)%00%(upstream:short)%00%(objectname)%00%(upstream:track)%00%(upstream:remotename)%00%(upstream:remoteref) refs/heads/main refs/remotes/main [15ms]
2025-06-17 07:36:26.368 [info] > git rev-parse --show-toplevel [71ms]
2025-06-17 07:36:26.368 [info] > git config --get commit.template [8ms]
2025-06-17 07:36:26.368 [info] > git config --get --local branch.main.vscode-merge-base [7ms]
2025-06-17 07:36:26.368 [info] > git rev-parse --show-toplevel [14ms]
2025-06-17 07:36:26.368 [info] > git for-each-ref --format=%(refname)%00%(upstream:short)%00%(objectname)%00%(upstream:track)%00%(upstream:remotename)%00%(upstream:remoteref) refs/heads/main refs/remotes/main [14ms]
2025-06-17 07:36:26.368 [info] > git for-each-ref --format=%(refname)%00%(upstream:short)%00%(objectname)%00%(upstream:track)%00%(upstream:remotename)%00%(upstream:remoteref) refs/heads/origin/main refs/remotes/origin/main [19ms]
2025-06-17 07:36:26.368 [warning] [Git][revParse] Unable to read file: ENOENT: no such file or directory, open '/home/f43939714/cloudshell_open/python-docs-samples/.git/refs/remotes/origin/main'
2025-06-17 07:36:26.368 [info] > git merge-base refs/heads/main refs/remotes/origin/main [10ms]
2025-06-17 07:36:26.368 [info] > git rev-parse --show-toplevel [22ms]
2025-06-17 07:36:26.368 [info] > git rev-parse refs/remotes/origin/main [23ms]
2025-06-17 07:36:26.368 [info] > git rev-parse --show-toplevel [45ms]
2025-06-17 07:36:26.368 [info] > git diff --name-status -z --diff-filter=ADMR 242fb368bd1be03b094359e80bf3545ad36a0568...refs/remotes/origin/main [51ms]
2025-06-17 07:36:26.368 [info] > git rev-parse --show-toplevel [11ms]
2025-06-17 07:36:26.369 [info] > git for-each-ref --sort -committerdate --format %(refname)%00%(objectname)%00%(*objectname) [42ms]
2025-06-17 07:36:26.376 [info] > git status -z -uall [59ms]
2025-06-17 07:36:26.398 [info] > git rev-parse --show-toplevel [22ms]
2025-06-17 07:36:26.403 [info] > git rev-parse --show-toplevel [1ms]
2025-06-17 07:36:26.409 [info] > git rev-parse --show-toplevel [1ms]
2025-06-17 07:36:26.415 [info] > git rev-parse --show-toplevel [1ms]
2025-06-17 07:36:26.422 [info] > git rev-parse --show-toplevel [1ms]
2025-06-17 07:36:26.427 [info] > git rev-parse --show-toplevel [1ms]
2025-06-17 07:36:26.433 [info] > git rev-parse --show-toplevel [2ms]
2025-06-17 07:36:26.438 [info] > git rev-parse --show-toplevel [1ms]
2025-06-17 07:36:26.444 [info] > git rev-parse --show-toplevel [2ms]
2025-06-17 07:36:26.450 [info] > git rev-parse --show-toplevel [2ms]
2025-06-17 07:36:26.456 [info] > git rev-parse --show-toplevel [1ms]
2025-06-17 07:36:26.465 [info] > git rev-parse --show-toplevel [5ms]
2025-06-17 07:36:26.474 [info] > git rev-parse --show-toplevel [2ms]
2025-06-17 07:36:26.483 [info] > git rev-parse --show-toplevel [1ms]
2025-06-17 07:36:26.489 [info] > git rev-parse --show-toplevel [2ms]
2025-06-17 07:36:26.494 [info] > git rev-parse --show-toplevel [2ms]
2025-06-17 07:36:26.500 [info] > git rev-parse --show-toplevel [2ms]
2025-06-17 07:36:26.506 [info] > git rev-parse --show-toplevel [2ms]
2025-06-17 07:36:26.511 [info] > git rev-parse --show-toplevel [1ms]
2025-06-17 07:36:26.518 [info] > git rev-parse --show-toplevel [1ms]
2025-06-17 07:36:26.529 [info] > git rev-parse --show-toplevel [7ms]
2025-06-17 07:36:26.538 [info] > git rev-parse --show-toplevel [2ms]
2025-06-17 07:36:26.545 [info] > git rev-parse --show-toplevel [2ms]
2025-06-17 07:36:26.551 [info] > git rev-parse --show-toplevel [1ms]
2025-06-17 07:36:26.557 [info] > git rev-parse --show-toplevel [2ms]
2025-06-17 07:36:26.563 [info] > git rev-parse --show-toplevel [1ms]
2025-06-17 07:36:26.570 [info] > git rev-parse --show-toplevel [2ms]
2025-06-17 07:36:26.575 [info] > git rev-parse --show-toplevel [1ms]
2025-06-17 07:36:26.581 [info] > git rev-parse --show-toplevel [2ms]
2025-06-17 07:36:26.587 [info] > git rev-parse --show-toplevel [2ms]
2025-06-17 07:36:26.593 [info] > git rev-parse --show-toplevel [2ms]
2025-06-17 07:36:26.599 [info] > git rev-parse --show-toplevel [2ms]
2025-06-17 07:36:26.605 [info] > git rev-parse --show-toplevel [2ms]
2025-06-17 07:36:26.610 [info] > git rev-parse --show-toplevel [2ms]
2025-06-17 07:36:26.616 [info] > git rev-parse --show-toplevel [2ms]
2025-06-17 07:36:26.626 [info] > git rev-parse --show-toplevel [5ms]
2025-06-17 07:36:26.633 [info] > git rev-parse --show-toplevel [1ms]
2025-06-17 07:36:26.638 [info] > git rev-parse --show-toplevel [1ms]
2025-06-17 07:36:26.644 [info] > git rev-parse --show-toplevel [1ms]
2025-06-17 07:36:26.651 [info] > git rev-parse --show-toplevel [2ms]
2025-06-17 07:36:26.660 [info] > git rev-parse --show-toplevel [3ms]
2025-06-17 07:36:26.669 [info] > git rev-parse --show-toplevel [2ms]
2025-06-17 07:36:26.677 [info] > git rev-parse --show-toplevel [1ms]
2025-06-17 07:36:26.685 [info] > git rev-parse --show-toplevel [0ms]
2025-06-17 07:36:26.691 [info] > git rev-parse --show-toplevel [2ms]
2025-06-17 07:36:26.698 [info] > git rev-parse --show-toplevel [2ms]
2025-06-17 07:36:26.706 [info] > git rev-parse --show-toplevel [1ms]
2025-06-17 07:36:26.712 [info] > git rev-parse --show-toplevel [1ms]
2025-06-17 07:36:26.718 [info] > git rev-parse --show-toplevel [1ms]
2025-06-17 07:36:26.723 [info] > git rev-parse --show-toplevel [2ms]
2025-06-17 07:36:26.729 [info] > git rev-parse --show-toplevel [2ms]
2025-06-17 07:36:26.734 [info] > git rev-parse --show-toplevel [1ms]
2025-06-17 07:36:26.740 [info] > git rev-parse --show-toplevel [2ms]
2025-06-17 07:36:26.745 [info] > git rev-parse --show-toplevel [1ms]
2025-06-17 07:36:26.751 [info] > git rev-parse --show-toplevel [2ms]
2025-06-17 07:36:26.756 [info] > git rev-parse --show-toplevel [1ms]
2025-06-17 07:36:26.763 [info] > git rev-parse --show-toplevel [2ms]
2025-06-17 07:36:26.768 [info] > git rev-parse --show-toplevel [1ms]
2025-06-17 07:36:26.774 [info] > git rev-parse --show-toplevel [1ms]
2025-06-17 07:36:26.780 [info] > git rev-parse --show-toplevel [2ms]
2025-06-17 07:36:26.786 [info] > git rev-parse --show-toplevel [2ms]
2025-06-17 07:36:26.791 [info] > git rev-parse --show-toplevel [1ms]
2025-06-17 07:36:26.797 [info] > git rev-parse --show-toplevel [1ms]
2025-06-17 07:36:26.803 [info] > git rev-parse --show-toplevel [2ms]
2025-06-17 07:36:26.814 [info] > git rev-parse --show-toplevel [7ms]
2025-06-17 07:36:26.822 [info] > git check-ignore -v -z --stdin [8ms]
2025-06-17 07:36:26.824 [info] > git rev-parse --show-toplevel [2ms]
2025-06-17 07:36:26.830 [info] > git rev-parse --show-toplevel [2ms]
2025-06-17 07:36:26.836 [info] > git rev-parse --show-toplevel [1ms]
2025-06-17 07:36:26.841 [info] > git rev-parse --show-toplevel [2ms]
2025-06-17 07:36:26.847 [info] > git rev-parse --show-toplevel [2ms]
2025-06-17 07:36:26.852 [info] > git rev-parse --show-toplevel [1ms]
2025-06-17 07:36:26.858 [info] > git rev-parse --show-toplevel [2ms]
2025-06-17 07:36:26.863 [info] > git rev-parse --show-toplevel [1ms]
2025-06-17 07:36:26.869 [info] > git rev-parse --show-toplevel [2ms]
2025-06-17 07:36:26.876 [info] > git rev-parse --show-toplevel [2ms]
2025-06-17 07:36:26.883 [info] > git rev-parse --show-toplevel [2ms]
2025-06-17 07:36:26.889 [info] > git rev-parse --show-toplevel [1ms]
2025-06-17 07:36:26.894 [info] > git rev-parse --show-toplevel [2ms]
2025-06-17 07:36:26.900 [info] > git rev-parse --show-toplevel [2ms]
2025-06-17 07:36:26.906 [info] > git rev-parse --show-toplevel [1ms]
2025-06-17 07:36:26.911 [info] > git rev-parse --show-toplevel [2ms]
2025-06-17 07:36:26.917 [info] > git rev-parse --show-toplevel [1ms]
2025-06-17 07:36:26.923 [info] > git rev-parse --show-toplevel [2ms]
2025-06-17 07:36:26.929 [info] > git rev-parse --show-toplevel [2ms]
2025-06-17 07:36:26.936 [info] > git rev-parse --show-toplevel [1ms]
2025-06-17 07:36:26.943 [info] > git rev-parse --show-toplevel [1ms]
2025-06-17 07:36:26.948 [info] > git rev-parse --show-toplevel [2ms]
2025-06-17 07:36:26.954 [info] > git rev-parse --show-toplevel [0ms]
2025-06-17 07:36:26.960 [info] > git rev-parse --show-toplevel [2ms]
2025-06-17 07:36:26.965 [info] > git rev-parse --show-toplevel [1ms]
2025-06-17 07:36:26.971 [info] > git rev-parse --show-toplevel [1ms]
2025-06-17 07:36:26.978 [info] > git rev-parse --show-toplevel [1ms]
2025-06-17 07:36:26.984 [info] > git rev-parse --show-toplevel [2ms]
2025-06-17 07:36:26.991 [info] > git rev-parse --show-toplevel [0ms]
2025-06-17 07:36:26.998 [info] > git rev-parse --show-toplevel [1ms]
2025-06-17 07:36:27.005 [info] > git rev-parse --show-toplevel [1ms]
2025-06-17 07:36:27.006 [info] [Model][doInitialScan] Initial repository scan completed - repositories (1), closed repositories (0), parent repositories (0), unsafe repositories (0)
2025-06-17 07:36:33.022 [info] > git check-ignore -v -z --stdin [27ms]
2025-06-17 07:36:34.916 [info] > git check-ignore -v -z --stdin [93ms]
2025-06-17 07:36:35.127 [info] > git show --textconv :videointelligence/samples/analyze/analyze.py [42ms]
2025-06-17 07:36:35.187 [info] > git ls-files --stage -- videointelligence/samples/analyze/analyze.py [61ms]
2025-06-17 07:36:35.246 [info] > git cat-file -s f7189d09842b8bbeb964c0094ca890d1b51ac456 [42ms]
