Initializing document watcher...
Document watcher initialized
f43939714/BULK-DOWNLOADER/x2.sh: {}
f43939714/BULK-DOWNLOADER/x2.sh: {}
f43939714/BULK-DOWNLOADER/shorts_shorts.txt: {}
f43939714/BULK-DOWNLOADER/shorts_shorts.txt: {}
f43939714/BULK-DOWNLOADER/shorts_shorts.txt: {}
f43939714/BULK-DOWNLOADER/x2.sh: {}
f43939714/BULK-DOWNLOADER/x2.sh: {}
f43939714/BULK-DOWNLOADER/x3.sh: {}
f43939714/BULK-DOWNLOADER/x3.sh: Using EditorConfig core...
f43939714/BULK-DOWNLOADER/x3.sh: {}
f43939714/BULK-DOWNLOADER/x2.sh: {}
f43939714/BULK-DOWNLOADER/x3.sh: {}
f43939714/BULK-DOWNLOADER/x3.sh: {}
f43939714/BULK-DOWNLOADER/Make_AI_Great_Again_-_Shorts_shorts.txt: {}
f43939714/BULK-DOWNLOADER/x3.sh: {}
f43939714/BULK-DOWNLOADER/x2.sh: {}
f43939714/BULK-DOWNLOADER/x3.sh: {}
f43939714/BULK-DOWNLOADER/x2.sh: {}
f43939714/BULK-DOWNLOADER/x3.sh: {}
f43939714/BULK-DOWNLOADER/x3.sh: Using EditorConfig core...
f43939714/BULK-DOWNLOADER/x3.sh: Using EditorConfig core...
f43939714/BULK-DOWNLOADER/x3.sh: {}
f43939714/BULK-DOWNLOADER/p.sh: {}
f43939714/BULK-DOWNLOADER/p.sh: Using EditorConfig core...
f43939714/BULK-DOWNLOADER/p.sh: {}
f43939714/BULK-DOWNLOADER/p.sh: Using EditorConfig core...
f43939714/BULK-DOWNLOADER/p.sh: {}
f43939714/BULK-DOWNLOADER/udd.sh: {}
f43939714/BULK-DOWNLOADER/udd.sh: Using EditorConfig core...
f43939714/BULK-DOWNLOADER/udd.sh: Using EditorConfig core...
f43939714/BULK-DOWNLOADER/udd.sh: {}
f43939714/BULK-DOWNLOADER/pd.sh: {}
f43939714/BULK-DOWNLOADER/pd.sh: Using EditorConfig core...
f43939714/BULK-DOWNLOADER/pd.sh: Using EditorConfig core...
f43939714/BULK-DOWNLOADER/pd.sh: {}
f43939714/BULK-DOWNLOADER/pd.sh: {}
f43939714/BULK-DOWNLOADER/pd2.sh: {}
f43939714/BULK-DOWNLOADER/pd2.sh: Using EditorConfig core...
f43939714/BULK-DOWNLOADER/pd2.sh: {}
f43939714/BULK-DOWNLOADER/pd2.sh: {}
f43939714/BULK-DOWNLOADER/pd2.sh: {}
f43939714/BULK-DOWNLOADER/pd2.sh: {}
f43939714/BULK-DOWNLOADER/x3.sh: {}
f43939714/BULK-DOWNLOADER/x2.sh: {}
f43939714/BULK-DOWNLOADER/Make_AI_Great_Again_-_Shorts_shorts.txt: {}
f43939714/BULK-DOWNLOADER/x.sh: {}
f43939714/BULK-DOWNLOADER/Make_AI_Great_Again_-_Shorts_shorts.txt: {}
f43939714/BULK-DOWNLOADER/x3.sh: {}
f43939714/BULK-DOWNLOADER/x3.sh: {}
f43939714/BULK-DOWNLOADER/pd2.sh: {}
f43939714/BULK-DOWNLOADER/pd2.sh: {}
f43939714/BULK-DOWNLOADER/pd2.sh: {}
f43939714/BULK-DOWNLOADER/xp.sh: {}
f43939714/BULK-DOWNLOADER/xp.sh: Using EditorConfig core...
f43939714/BULK-DOWNLOADER/xp.sh: Using EditorConfig core...
f43939714/BULK-DOWNLOADER/xp.sh: {}
f43939714/BULK-DOWNLOADER/xp.sh: {}
f43939714/BULK-DOWNLOADER/xp.sh: {}
f43939714/BULK-DOWNLOADER/xp.sh: {}
f43939714/BULK-DOWNLOADER/xp.sh: {}
f43939714/BULK-DOWNLOADER/xp2.sh: {}
f43939714/BULK-DOWNLOADER/xp2.sh: Using EditorConfig core...
f43939714/BULK-DOWNLOADER/xp2.sh: Using EditorConfig core...
f43939714/BULK-DOWNLOADER/xp2.sh: {}
f43939714/BULK-DOWNLOADER/xp2.sh: Using EditorConfig core...
f43939714/BULK-DOWNLOADER/xp2.sh: {}
f43939714/BULK-DOWNLOADER/xp2.sh: Using EditorConfig core...
f43939714/BULK-DOWNLOADER/xp2.sh: Using EditorConfig core...
f43939714/BULK-DOWNLOADER/xp2.sh: Using EditorConfig core...
f43939714/BULK-DOWNLOADER/xp2.sh: Using EditorConfig core...
f43939714/BULK-DOWNLOADER/xp2.sh: {}
f43939714/BULK-DOWNLOADER/xp2.sh: {}
f43939714/BULK-DOWNLOADER/xp2.sh: {}
f43939714/BULK-DOWNLOADER/xp2.sh: {}
